2018-12-15 12:39:07,667 [Mule.app.deployer.monitor.1.thread.1] INFO  org.mule.module.launcher.application.DefaultMuleApplication - 
++++++++++++++++++++++++++++++++++++++++++++++++++++++++++++
+ Initializing app 'helloworld-1.0.0-SNAPSHOT'             +
++++++++++++++++++++++++++++++++++++++++++++++++++++++++++++
2018-12-15 12:39:07,671 [Mule.app.deployer.monitor.1.thread.1] INFO  org.mule.lifecycle.AbstractLifecycleManager - Initialising RegistryBroker
2018-12-15 12:39:07,674 [Mule.app.deployer.monitor.1.thread.1] INFO  org.mule.module.extension.internal.manager.DefaultExtensionManager - Starting discovery of extensions
2018-12-15 12:39:07,686 [Mule.app.deployer.monitor.1.thread.1] INFO  org.mule.module.extension.internal.manager.DefaultExtensionManager - Discovered 1 extensions
2018-12-15 12:39:07,686 [Mule.app.deployer.monitor.1.thread.1] INFO  org.mule.module.extension.internal.manager.DefaultExtensionManager - Registering extension validation (version 3.9)
2018-12-15 12:39:07,687 [Mule.app.deployer.monitor.1.thread.1] INFO  org.mule.config.spring.MuleArtifactContext - Refreshing org.mule.config.spring.MuleArtifactContext@201fcf03: startup date [Sat Dec 15 12:39:07 EST 2018]; root of context hierarchy
2018-12-15 12:39:07,956 [Mule.app.deployer.monitor.1.thread.1] INFO  org.mule.config.spring.processors.NoDevkitInjectorProcessor - JSR-330 'javax.inject.Inject' annotation found and supported for autowiring
2018-12-15 12:39:08,134 [Mule.app.deployer.monitor.1.thread.1] INFO  org.mule.util.journal.TransactionJournal - Using files for tx logs /opt/mule/./.mule/helloworld-1.0.0-SNAPSHOT/queue-tx-log/tx1.log and /opt/mule/./.mule/helloworld-1.0.0-SNAPSHOT/queue-tx-log/tx2.log
2018-12-15 12:39:08,135 [Mule.app.deployer.monitor.1.thread.1] INFO  org.mule.util.journal.TransactionJournal - Using files for tx logs /opt/mule/./.mule/helloworld-1.0.0-SNAPSHOT/queue-xa-tx-log/tx1.log and /opt/mule/./.mule/helloworld-1.0.0-SNAPSHOT/queue-xa-tx-log/tx2.log
2018-12-15 12:39:08,141 [Mule.app.deployer.monitor.1.thread.1] INFO  org.mule.lifecycle.AbstractLifecycleManager - Initialising model: _muleSystemModel
2018-12-15 12:39:08,143 [Mule.app.deployer.monitor.1.thread.1] INFO  org.mule.construct.FlowConstructLifecycleManager - Initialising flow: helloworldFlow
2018-12-15 12:39:08,143 [Mule.app.deployer.monitor.1.thread.1] INFO  org.mule.exception.DefaultMessagingExceptionStrategy - Initialising exception listener: org.mule.exception.DefaultMessagingExceptionStrategy@711141fa
2018-12-15 12:39:08,173 [Mule.app.deployer.monitor.1.thread.1] INFO  org.mule.processor.SedaStageLifecycleManager - Initialising service: helloworldFlow.stage1
2018-12-15 12:39:08,195 [Mule.app.deployer.monitor.1.thread.1] INFO  org.mule.config.spring.SpringXmlConfigurationBuilder - Configured Mule using "org.mule.config.spring.SpringXmlConfigurationBuilder" with configuration resource(s): "[ConfigResource{resourceName='/opt/mule/apps/helloworld-1.0.0-SNAPSHOT/helloworld.xml'}]"
2018-12-15 12:39:08,195 [Mule.app.deployer.monitor.1.thread.1] INFO  org.mule.config.builders.AutoConfigurationBuilder - Configured Mule using "org.mule.config.builders.AutoConfigurationBuilder" with configuration resource(s): "[ConfigResource{resourceName='/opt/mule/apps/helloworld-1.0.0-SNAPSHOT/helloworld.xml'}]"
2018-12-15 12:39:08,195 [Mule.app.deployer.monitor.1.thread.1] INFO  org.mule.module.launcher.application.DefaultMuleApplication - 
++++++++++++++++++++++++++++++++++++++++++++++++++++++++++++
+ Starting app 'helloworld-1.0.0-SNAPSHOT'                 +
++++++++++++++++++++++++++++++++++++++++++++++++++++++++++++
2018-12-15 12:39:08,196 [Mule.app.deployer.monitor.1.thread.1] INFO  org.mule.util.queue.QueueXaResourceManager - Starting ResourceManager
2018-12-15 12:39:08,196 [Mule.app.deployer.monitor.1.thread.1] INFO  org.mule.util.queue.QueueXaResourceManager - Started ResourceManager
2018-12-15 12:39:08,216 [Mule.app.deployer.monitor.1.thread.1] INFO  org.mule.module.http.internal.listener.DefaultHttpListenerConfig - Listening for requests on http://localhost:8081/api
2018-12-15 12:39:08,218 [Mule.app.deployer.monitor.1.thread.1] INFO  org.mule.lifecycle.AbstractLifecycleManager - Starting model: _muleSystemModel
2018-12-15 12:39:08,219 [Mule.app.deployer.monitor.1.thread.1] INFO  org.mule.construct.FlowConstructLifecycleManager - Starting flow: helloworldFlow
2018-12-15 12:39:08,220 [Mule.app.deployer.monitor.1.thread.1] INFO  org.mule.processor.SedaStageLifecycleManager - Starting service: helloworldFlow.stage1
2018-12-15 12:39:08,228 [Mule.app.deployer.monitor.1.thread.1] INFO  org.mule.DefaultMuleContext - 
**********************************************************************
* Application: helloworld-1.0.0-SNAPSHOT                             *
* OS encoding: /, Mule encoding: UTF-8                               *
*                                                                    *
* Agents Running:                                                    *
*   JMX Agent                                                        *
*   Wrapper Manager: Mule PID #6386, Wrapper PID #6384               *
**********************************************************************
2018-12-15 12:45:53,251 [[helloworld-1.0.0-SNAPSHOT].HTTP_Listener_Configuration.worker.01] INFO  org.mule.module.http.internal.listener.HttpListenerRegistry - No listener found for request: (GET)/
2018-12-15 12:45:53,252 [[helloworld-1.0.0-SNAPSHOT].HTTP_Listener_Configuration.worker.01] INFO  org.mule.module.http.internal.listener.HttpListenerRegistry - Available listeners are: [(*)/api/hello/]
2018-12-15 12:46:05,046 [[helloworld-1.0.0-SNAPSHOT].HTTP_Listener_Configuration.worker.01] INFO  org.mule.module.http.internal.listener.HttpListenerRegistry - No listener found for request: (GET)/index.html
2018-12-15 12:46:05,047 [[helloworld-1.0.0-SNAPSHOT].HTTP_Listener_Configuration.worker.01] INFO  org.mule.module.http.internal.listener.HttpListenerRegistry - Available listeners are: [(*)/api/hello/]
2018-12-15 12:46:31,709 [[helloworld-1.0.0-SNAPSHOT].HTTP_Listener_Configuration.worker.01] WARN  org.glassfish.grizzly.filterchain.DefaultFilterChain - GRIZZLY0013: Exception during FilterChain execution
java.lang.IllegalArgumentException: path parameter must start with /
	at org.mule.util.Preconditions.checkArgument(Preconditions.java:26) ~[mule-core-3.9.0.jar:3.9.0]
	at org.mule.module.http.internal.listener.HttpListenerRegistry$ServerAddressRequestHandlerRegistry.findRequestHandler(HttpListenerRegistry.java:198) ~[mule-module-http-3.9.0.jar:3.9.0]
	at org.mule.module.http.internal.listener.HttpListenerRegistry.getRequestHandler(HttpListenerRegistry.java:68) ~[mule-module-http-3.9.0.jar:3.9.0]
	at org.mule.module.http.internal.listener.grizzly.GrizzlyRequestDispatcherFilter.handleRead(GrizzlyRequestDispatcherFilter.java:99) ~[mule-module-http-3.9.0.jar:3.9.0]
	at org.glassfish.grizzly.filterchain.ExecutorResolver$9.execute(ExecutorResolver.java:119) ~[grizzly-framework-2.3.33.jar:2.3.33]
	at org.glassfish.grizzly.filterchain.DefaultFilterChain.executeFilter(DefaultFilterChain.java:284) ~[grizzly-framework-2.3.33.jar:2.3.33]
	at org.glassfish.grizzly.filterchain.DefaultFilterChain.executeChainPart(DefaultFilterChain.java:201) ~[grizzly-framework-2.3.33.jar:2.3.33]
	at org.glassfish.grizzly.filterchain.DefaultFilterChain.execute(DefaultFilterChain.java:133) ~[grizzly-framework-2.3.33.jar:2.3.33]
	at org.glassfish.grizzly.filterchain.DefaultFilterChain.process(DefaultFilterChain.java:112) ~[grizzly-framework-2.3.33.jar:2.3.33]
	at org.glassfish.grizzly.ProcessorExecutor.execute(ProcessorExecutor.java:77) ~[grizzly-framework-2.3.33.jar:2.3.33]
	at org.glassfish.grizzly.nio.transport.TCPNIOTransport.fireIOEvent(TCPNIOTransport.java:539) ~[grizzly-framework-2.3.33.jar:2.3.33]
	at org.glassfish.grizzly.strategies.AbstractIOStrategy.fireIOEvent(AbstractIOStrategy.java:112) ~[grizzly-framework-2.3.33.jar:2.3.33]
	at org.mule.module.http.internal.listener.grizzly.ExecutorPerServerAddressIOStrategy.run0(ExecutorPerServerAddressIOStrategy.java:119) ~[mule-module-http-3.9.0.jar:3.9.0]
	at org.mule.module.http.internal.listener.grizzly.ExecutorPerServerAddressIOStrategy.access$100(ExecutorPerServerAddressIOStrategy.java:31) ~[mule-module-http-3.9.0.jar:3.9.0]
	at org.mule.module.http.internal.listener.grizzly.ExecutorPerServerAddressIOStrategy$WorkerThreadRunnable.run(ExecutorPerServerAddressIOStrategy.java:142) ~[mule-module-http-3.9.0.jar:3.9.0]
	at java.util.concurrent.ThreadPoolExecutor.runWorker(ThreadPoolExecutor.java:1149) [?:1.8.0_191]
	at java.util.concurrent.ThreadPoolExecutor$Worker.run(ThreadPoolExecutor.java:624) [?:1.8.0_191]
	at java.lang.Thread.run(Thread.java:748) [?:1.8.0_191]
2018-12-15 12:49:56,030 [WrapperListener_stop_runner] INFO  org.mule.module.launcher.application.DefaultMuleApplication - 
++++++++++++++++++++++++++++++++++++++++++++++++++++++++++++
+ Stopping app 'helloworld-1.0.0-SNAPSHOT'                 +
++++++++++++++++++++++++++++++++++++++++++++++++++++++++++++
2018-12-15 12:49:56,032 [WrapperListener_stop_runner] INFO  org.mule.construct.FlowConstructLifecycleManager - Stopping flow: helloworldFlow
2018-12-15 12:49:56,032 [WrapperListener_stop_runner] INFO  org.mule.processor.SedaStageLifecycleManager - Stopping service: helloworldFlow.stage1
2018-12-15 12:49:56,125 [WrapperListener_stop_runner] INFO  org.mule.lifecycle.AbstractLifecycleManager - Stopping model: _muleSystemModel
2018-12-15 12:49:56,135 [WrapperListener_stop_runner] INFO  org.mule.module.http.internal.listener.DefaultHttpListenerConfig - Stopped listener on http://localhost:8081/api
2018-12-15 12:49:56,136 [WrapperListener_stop_runner] INFO  org.mule.util.queue.QueueXaResourceManager - Stopping ResourceManager
2018-12-15 12:49:56,136 [WrapperListener_stop_runner] INFO  org.mule.util.queue.QueueXaResourceManager - Stopped ResourceManager
2018-12-15 12:49:56,138 [WrapperListener_stop_runner] INFO  org.mule.module.launcher.application.DefaultMuleApplication - 
++++++++++++++++++++++++++++++++++++++++++++++++++++++++++++
+ Disposing app 'helloworld-1.0.0-SNAPSHOT'                +
++++++++++++++++++++++++++++++++++++++++++++++++++++++++++++
2018-12-15 12:49:56,139 [WrapperListener_stop_runner] INFO  org.mule.lifecycle.AbstractLifecycleManager - Disposing RegistryBroker
2018-12-15 12:49:56,140 [WrapperListener_stop_runner] INFO  org.mule.construct.FlowConstructLifecycleManager - Disposing flow: helloworldFlow
2018-12-15 12:49:56,140 [WrapperListener_stop_runner] INFO  org.mule.processor.SedaStageLifecycleManager - Disposing service: helloworldFlow.stage1
2018-12-15 12:49:56,141 [WrapperListener_stop_runner] INFO  org.mule.lifecycle.AbstractLifecycleManager - Disposing model: _muleSystemModel
2018-12-15 12:49:56,214 [WrapperListener_stop_runner] INFO  org.mule.config.spring.MuleArtifactContext - Closing org.mule.config.spring.MuleArtifactContext@201fcf03: startup date [Sat Dec 15 12:39:07 EST 2018]; root of context hierarchy
2018-12-15 12:49:56,220 [WrapperListener_stop_runner] INFO  org.mule.DefaultMuleContext - 
**********************************************************************
* Application "helloworld-1.0.0-SNAPSHOT" shut down normally on:     *
* 12/15/18 12:49 PM                                                  *
* Up for: 0 days, 0 hours, 10 mins, 48.23 sec                        *
**********************************************************************
2018-12-15 12:50:23,234 [WrapperListener_start_runner] INFO  org.mule.module.launcher.application.DefaultMuleApplication - 
++++++++++++++++++++++++++++++++++++++++++++++++++++++++++++
+ Initializing app 'helloworld-1.0.0-SNAPSHOT'             +
++++++++++++++++++++++++++++++++++++++++++++++++++++++++++++
2018-12-15 12:50:23,241 [WrapperListener_start_runner] INFO  org.mule.lifecycle.AbstractLifecycleManager - Initialising RegistryBroker
2018-12-15 12:50:23,243 [WrapperListener_start_runner] INFO  org.mule.module.extension.internal.manager.DefaultExtensionManager - Starting discovery of extensions
2018-12-15 12:50:23,257 [WrapperListener_start_runner] INFO  org.mule.module.extension.internal.manager.DefaultExtensionManager - Discovered 1 extensions
2018-12-15 12:50:23,257 [WrapperListener_start_runner] INFO  org.mule.module.extension.internal.manager.DefaultExtensionManager - Registering extension validation (version 3.9)
2018-12-15 12:50:23,261 [WrapperListener_start_runner] INFO  org.mule.config.spring.MuleArtifactContext - Refreshing org.mule.config.spring.MuleArtifactContext@23b50c76: startup date [Sat Dec 15 12:50:23 EST 2018]; root of context hierarchy
2018-12-15 12:50:23,574 [WrapperListener_start_runner] INFO  org.mule.config.spring.processors.NoDevkitInjectorProcessor - JSR-330 'javax.inject.Inject' annotation found and supported for autowiring
2018-12-15 12:50:23,792 [WrapperListener_start_runner] INFO  org.mule.util.journal.TransactionJournal - Using files for tx logs /opt/mule/./.mule/helloworld-1.0.0-SNAPSHOT/queue-tx-log/tx1.log and /opt/mule/./.mule/helloworld-1.0.0-SNAPSHOT/queue-tx-log/tx2.log
2018-12-15 12:50:23,792 [WrapperListener_start_runner] INFO  org.mule.util.journal.TransactionJournal - Using files for tx logs /opt/mule/./.mule/helloworld-1.0.0-SNAPSHOT/queue-xa-tx-log/tx1.log and /opt/mule/./.mule/helloworld-1.0.0-SNAPSHOT/queue-xa-tx-log/tx2.log
2018-12-15 12:50:23,795 [WrapperListener_start_runner] INFO  org.mule.lifecycle.AbstractLifecycleManager - Initialising model: _muleSystemModel
2018-12-15 12:50:23,797 [WrapperListener_start_runner] INFO  org.mule.construct.FlowConstructLifecycleManager - Initialising flow: helloworldFlow
2018-12-15 12:50:23,797 [WrapperListener_start_runner] INFO  org.mule.exception.DefaultMessagingExceptionStrategy - Initialising exception listener: org.mule.exception.DefaultMessagingExceptionStrategy@28f547c5
2018-12-15 12:50:23,823 [WrapperListener_start_runner] INFO  org.mule.processor.SedaStageLifecycleManager - Initialising service: helloworldFlow.stage1
2018-12-15 12:50:23,847 [WrapperListener_start_runner] INFO  org.mule.config.spring.SpringXmlConfigurationBuilder - Configured Mule using "org.mule.config.spring.SpringXmlConfigurationBuilder" with configuration resource(s): "[ConfigResource{resourceName='/opt/mule/apps/helloworld-1.0.0-SNAPSHOT/helloworld.xml'}]"
2018-12-15 12:50:23,847 [WrapperListener_start_runner] INFO  org.mule.config.builders.AutoConfigurationBuilder - Configured Mule using "org.mule.config.builders.AutoConfigurationBuilder" with configuration resource(s): "[ConfigResource{resourceName='/opt/mule/apps/helloworld-1.0.0-SNAPSHOT/helloworld.xml'}]"
2018-12-15 12:50:23,848 [WrapperListener_start_runner] INFO  org.mule.module.launcher.application.DefaultMuleApplication - 
++++++++++++++++++++++++++++++++++++++++++++++++++++++++++++
+ Starting app 'helloworld-1.0.0-SNAPSHOT'                 +
++++++++++++++++++++++++++++++++++++++++++++++++++++++++++++
2018-12-15 12:50:23,848 [WrapperListener_start_runner] INFO  org.mule.util.queue.QueueXaResourceManager - Starting ResourceManager
2018-12-15 12:50:23,848 [WrapperListener_start_runner] INFO  org.mule.util.queue.QueueXaResourceManager - Started ResourceManager
2018-12-15 12:50:23,871 [WrapperListener_start_runner] INFO  org.mule.module.http.internal.listener.DefaultHttpListenerConfig - Listening for requests on http://localhost:8081/api
2018-12-15 12:50:23,874 [WrapperListener_start_runner] INFO  org.mule.lifecycle.AbstractLifecycleManager - Starting model: _muleSystemModel
2018-12-15 12:50:23,875 [WrapperListener_start_runner] INFO  org.mule.construct.FlowConstructLifecycleManager - Starting flow: helloworldFlow
2018-12-15 12:50:23,875 [WrapperListener_start_runner] INFO  org.mule.processor.SedaStageLifecycleManager - Starting service: helloworldFlow.stage1
2018-12-15 12:50:23,884 [WrapperListener_start_runner] INFO  org.mule.DefaultMuleContext - 
**********************************************************************
* Application: helloworld-1.0.0-SNAPSHOT                             *
* OS encoding: /, Mule encoding: UTF-8                               *
*                                                                    *
* Agents Running:                                                    *
*   JMX Agent                                                        *
*   Wrapper Manager: Mule PID #6714, Wrapper PID #6712               *
**********************************************************************
2018-12-15 12:51:37,497 [[helloworld-1.0.0-SNAPSHOT].HTTP_Listener_Configuration.worker.01] INFO  org.mule.module.http.internal.listener.HttpListenerRegistry - No listener found for request: (GET)/api
2018-12-15 12:51:37,497 [[helloworld-1.0.0-SNAPSHOT].HTTP_Listener_Configuration.worker.01] INFO  org.mule.module.http.internal.listener.HttpListenerRegistry - Available listeners are: [(*)/api/hello/]
2018-12-15 12:51:42,202 [[helloworld-1.0.0-SNAPSHOT].HTTP_Listener_Configuration.worker.01] INFO  org.mule.module.http.internal.listener.HttpListenerRegistry - No listener found for request: (GET)/
2018-12-15 12:51:42,202 [[helloworld-1.0.0-SNAPSHOT].HTTP_Listener_Configuration.worker.01] INFO  org.mule.module.http.internal.listener.HttpListenerRegistry - Available listeners are: [(*)/api/hello/]
2018-12-15 12:51:44,170 [[helloworld-1.0.0-SNAPSHOT].HTTP_Listener_Configuration.worker.01] INFO  org.mule.module.http.internal.listener.HttpListenerRegistry - No listener found for request: (GET)/
2018-12-15 12:51:44,171 [[helloworld-1.0.0-SNAPSHOT].HTTP_Listener_Configuration.worker.01] INFO  org.mule.module.http.internal.listener.HttpListenerRegistry - Available listeners are: [(*)/api/hello/]
2018-12-15 12:52:40,031 [[helloworld-1.0.0-SNAPSHOT].HTTP_Listener_Configuration.worker.01] INFO  org.mule.api.processor.LoggerMessageProcessor - Hello world programme executed successfully..
2018-12-15 12:56:23,946 [Mule.app.deployer.monitor.1.thread.1] INFO  org.mule.module.launcher.application.DefaultMuleApplication - 
++++++++++++++++++++++++++++++++++++++++++++++++++++++++++++
+ Stopping app 'helloworld-1.0.0-SNAPSHOT'                 +
++++++++++++++++++++++++++++++++++++++++++++++++++++++++++++
2018-12-15 12:56:23,947 [Mule.app.deployer.monitor.1.thread.1] INFO  org.mule.construct.FlowConstructLifecycleManager - Stopping flow: helloworldFlow
2018-12-15 12:56:23,947 [Mule.app.deployer.monitor.1.thread.1] INFO  org.mule.processor.SedaStageLifecycleManager - Stopping service: helloworldFlow.stage1
2018-12-15 12:56:24,087 [Mule.app.deployer.monitor.1.thread.1] INFO  org.mule.lifecycle.AbstractLifecycleManager - Stopping model: _muleSystemModel
2018-12-15 12:56:24,091 [Mule.app.deployer.monitor.1.thread.1] INFO  org.mule.module.http.internal.listener.DefaultHttpListenerConfig - Stopped listener on http://localhost:8081/api
2018-12-15 12:56:24,091 [Mule.app.deployer.monitor.1.thread.1] INFO  org.mule.util.queue.QueueXaResourceManager - Stopping ResourceManager
2018-12-15 12:56:24,092 [Mule.app.deployer.monitor.1.thread.1] INFO  org.mule.util.queue.QueueXaResourceManager - Stopped ResourceManager
2018-12-15 12:56:24,094 [Mule.app.deployer.monitor.1.thread.1] INFO  org.mule.module.launcher.application.DefaultMuleApplication - 
++++++++++++++++++++++++++++++++++++++++++++++++++++++++++++
+ Disposing app 'helloworld-1.0.0-SNAPSHOT'                +
++++++++++++++++++++++++++++++++++++++++++++++++++++++++++++
2018-12-15 12:56:24,094 [Mule.app.deployer.monitor.1.thread.1] INFO  org.mule.lifecycle.AbstractLifecycleManager - Disposing RegistryBroker
2018-12-15 12:56:24,095 [Mule.app.deployer.monitor.1.thread.1] INFO  org.mule.construct.FlowConstructLifecycleManager - Disposing flow: helloworldFlow
2018-12-15 12:56:24,095 [Mule.app.deployer.monitor.1.thread.1] INFO  org.mule.processor.SedaStageLifecycleManager - Disposing service: helloworldFlow.stage1
2018-12-15 12:56:24,097 [Mule.app.deployer.monitor.1.thread.1] INFO  org.mule.lifecycle.AbstractLifecycleManager - Disposing model: _muleSystemModel
2018-12-15 12:56:24,153 [Mule.app.deployer.monitor.1.thread.1] INFO  org.mule.config.spring.MuleArtifactContext - Closing org.mule.config.spring.MuleArtifactContext@23b50c76: startup date [Sat Dec 15 12:50:23 EST 2018]; root of context hierarchy
2018-12-15 12:56:24,157 [Mule.app.deployer.monitor.1.thread.1] INFO  org.mule.DefaultMuleContext - 
**********************************************************************
* Application "helloworld-1.0.0-SNAPSHOT" shut down normally on:     *
* 12/15/18 12:56 PM                                                  *
* Up for: 0 days, 0 hours, 6 mins, 0.307 sec                         *
**********************************************************************
2018-12-15 12:56:24,246 [Mule.app.deployer.monitor.1.thread.1] INFO  org.mule.module.launcher.application.DefaultMuleApplication - 
++++++++++++++++++++++++++++++++++++++++++++++++++++++++++++
+ Initializing app 'helloworld-1.0.0-SNAPSHOT'             +
++++++++++++++++++++++++++++++++++++++++++++++++++++++++++++
2018-12-15 12:56:24,248 [Mule.app.deployer.monitor.1.thread.1] INFO  org.mule.lifecycle.AbstractLifecycleManager - Initialising RegistryBroker
2018-12-15 12:56:24,250 [Mule.app.deployer.monitor.1.thread.1] INFO  org.mule.module.extension.internal.manager.DefaultExtensionManager - Starting discovery of extensions
2018-12-15 12:56:24,260 [Mule.app.deployer.monitor.1.thread.1] INFO  org.mule.module.extension.internal.manager.DefaultExtensionManager - Discovered 1 extensions
2018-12-15 12:56:24,260 [Mule.app.deployer.monitor.1.thread.1] INFO  org.mule.module.extension.internal.manager.DefaultExtensionManager - Registering extension validation (version 3.9)
2018-12-15 12:56:24,261 [Mule.app.deployer.monitor.1.thread.1] INFO  org.mule.config.spring.MuleArtifactContext - Refreshing org.mule.config.spring.MuleArtifactContext@6360c3f1: startup date [Sat Dec 15 12:56:24 EST 2018]; root of context hierarchy
2018-12-15 12:56:24,411 [Mule.app.deployer.monitor.1.thread.1] INFO  org.mule.config.spring.processors.NoDevkitInjectorProcessor - JSR-330 'javax.inject.Inject' annotation found and supported for autowiring
2018-12-15 12:56:24,470 [Mule.app.deployer.monitor.1.thread.1] INFO  org.mule.util.journal.TransactionJournal - Using files for tx logs /opt/mule/./.mule/helloworld-1.0.0-SNAPSHOT/queue-tx-log/tx1.log and /opt/mule/./.mule/helloworld-1.0.0-SNAPSHOT/queue-tx-log/tx2.log
2018-12-15 12:56:24,471 [Mule.app.deployer.monitor.1.thread.1] INFO  org.mule.util.journal.TransactionJournal - Using files for tx logs /opt/mule/./.mule/helloworld-1.0.0-SNAPSHOT/queue-xa-tx-log/tx1.log and /opt/mule/./.mule/helloworld-1.0.0-SNAPSHOT/queue-xa-tx-log/tx2.log
2018-12-15 12:56:24,474 [Mule.app.deployer.monitor.1.thread.1] INFO  org.mule.lifecycle.AbstractLifecycleManager - Initialising model: _muleSystemModel
2018-12-15 12:56:24,475 [Mule.app.deployer.monitor.1.thread.1] INFO  org.mule.construct.FlowConstructLifecycleManager - Initialising flow: helloworldFlow
2018-12-15 12:56:24,475 [Mule.app.deployer.monitor.1.thread.1] INFO  org.mule.exception.DefaultMessagingExceptionStrategy - Initialising exception listener: org.mule.exception.DefaultMessagingExceptionStrategy@22fedaca
2018-12-15 12:56:24,477 [Mule.app.deployer.monitor.1.thread.1] INFO  org.mule.processor.SedaStageLifecycleManager - Initialising service: helloworldFlow.stage1
2018-12-15 12:56:24,489 [Mule.app.deployer.monitor.1.thread.1] INFO  org.mule.config.spring.SpringXmlConfigurationBuilder - Configured Mule using "org.mule.config.spring.SpringXmlConfigurationBuilder" with configuration resource(s): "[ConfigResource{resourceName='/opt/mule/apps/helloworld-1.0.0-SNAPSHOT/helloworld.xml'}]"
2018-12-15 12:56:24,489 [Mule.app.deployer.monitor.1.thread.1] INFO  org.mule.config.builders.AutoConfigurationBuilder - Configured Mule using "org.mule.config.builders.AutoConfigurationBuilder" with configuration resource(s): "[ConfigResource{resourceName='/opt/mule/apps/helloworld-1.0.0-SNAPSHOT/helloworld.xml'}]"
2018-12-15 12:56:24,490 [Mule.app.deployer.monitor.1.thread.1] INFO  org.mule.module.launcher.application.DefaultMuleApplication - 
++++++++++++++++++++++++++++++++++++++++++++++++++++++++++++
+ Starting app 'helloworld-1.0.0-SNAPSHOT'                 +
++++++++++++++++++++++++++++++++++++++++++++++++++++++++++++
2018-12-15 12:56:24,490 [Mule.app.deployer.monitor.1.thread.1] INFO  org.mule.util.queue.QueueXaResourceManager - Starting ResourceManager
2018-12-15 12:56:24,490 [Mule.app.deployer.monitor.1.thread.1] INFO  org.mule.util.queue.QueueXaResourceManager - Started ResourceManager
2018-12-15 12:56:24,494 [Mule.app.deployer.monitor.1.thread.1] INFO  org.mule.module.http.internal.listener.DefaultHttpListenerConfig - Listening for requests on http://0.0.0.0:8081/api
2018-12-15 12:56:24,496 [Mule.app.deployer.monitor.1.thread.1] INFO  org.mule.lifecycle.AbstractLifecycleManager - Starting model: _muleSystemModel
2018-12-15 12:56:24,497 [Mule.app.deployer.monitor.1.thread.1] INFO  org.mule.construct.FlowConstructLifecycleManager - Starting flow: helloworldFlow
2018-12-15 12:56:24,497 [Mule.app.deployer.monitor.1.thread.1] INFO  org.mule.processor.SedaStageLifecycleManager - Starting service: helloworldFlow.stage1
2018-12-15 12:56:24,504 [Mule.app.deployer.monitor.1.thread.1] INFO  org.mule.DefaultMuleContext - 
**********************************************************************
* Application: helloworld-1.0.0-SNAPSHOT                             *
* OS encoding: /, Mule encoding: UTF-8                               *
*                                                                    *
* Agents Running:                                                    *
*   JMX Agent                                                        *
*   Wrapper Manager: Mule PID #6714, Wrapper PID #6712               *
**********************************************************************
2018-12-15 12:57:20,022 [WrapperListener_stop_runner] INFO  org.mule.module.launcher.application.DefaultMuleApplication - 
++++++++++++++++++++++++++++++++++++++++++++++++++++++++++++
+ Stopping app 'helloworld-1.0.0-SNAPSHOT'                 +
++++++++++++++++++++++++++++++++++++++++++++++++++++++++++++
2018-12-15 12:57:20,024 [WrapperListener_stop_runner] INFO  org.mule.construct.FlowConstructLifecycleManager - Stopping flow: helloworldFlow
2018-12-15 12:57:20,025 [WrapperListener_stop_runner] INFO  org.mule.processor.SedaStageLifecycleManager - Stopping service: helloworldFlow.stage1
2018-12-15 12:57:20,174 [WrapperListener_stop_runner] INFO  org.mule.lifecycle.AbstractLifecycleManager - Stopping model: _muleSystemModel
2018-12-15 12:57:20,176 [WrapperListener_stop_runner] INFO  org.mule.module.http.internal.listener.DefaultHttpListenerConfig - Stopped listener on http://0.0.0.0:8081/api
2018-12-15 12:57:20,177 [WrapperListener_stop_runner] INFO  org.mule.util.queue.QueueXaResourceManager - Stopping ResourceManager
2018-12-15 12:57:20,177 [WrapperListener_stop_runner] INFO  org.mule.util.queue.QueueXaResourceManager - Stopped ResourceManager
2018-12-15 12:57:20,179 [WrapperListener_stop_runner] INFO  org.mule.module.launcher.application.DefaultMuleApplication - 
++++++++++++++++++++++++++++++++++++++++++++++++++++++++++++
+ Disposing app 'helloworld-1.0.0-SNAPSHOT'                +
++++++++++++++++++++++++++++++++++++++++++++++++++++++++++++
2018-12-15 12:57:20,179 [WrapperListener_stop_runner] INFO  org.mule.lifecycle.AbstractLifecycleManager - Disposing RegistryBroker
2018-12-15 12:57:20,179 [WrapperListener_stop_runner] INFO  org.mule.construct.FlowConstructLifecycleManager - Disposing flow: helloworldFlow
2018-12-15 12:57:20,179 [WrapperListener_stop_runner] INFO  org.mule.processor.SedaStageLifecycleManager - Disposing service: helloworldFlow.stage1
2018-12-15 12:57:20,183 [WrapperListener_stop_runner] INFO  org.mule.lifecycle.AbstractLifecycleManager - Disposing model: _muleSystemModel
2018-12-15 12:57:20,208 [WrapperListener_stop_runner] INFO  org.mule.config.spring.MuleArtifactContext - Closing org.mule.config.spring.MuleArtifactContext@6360c3f1: startup date [Sat Dec 15 12:56:24 EST 2018]; root of context hierarchy
2018-12-15 12:57:20,223 [WrapperListener_stop_runner] INFO  org.mule.DefaultMuleContext - 
**********************************************************************
* Application "helloworld-1.0.0-SNAPSHOT" shut down normally on:     *
* 12/15/18 12:57 PM                                                  *
* Up for: 0 days, 0 hours, 0 mins, 55.732 sec                        *
**********************************************************************
2018-12-15 13:04:12,245 [WrapperListener_start_runner] INFO  org.mule.module.launcher.application.DefaultMuleApplication - 
++++++++++++++++++++++++++++++++++++++++++++++++++++++++++++
+ Initializing app 'helloworld-1.0.0-SNAPSHOT'             +
++++++++++++++++++++++++++++++++++++++++++++++++++++++++++++
2018-12-15 13:04:12,253 [WrapperListener_start_runner] INFO  org.mule.lifecycle.AbstractLifecycleManager - Initialising RegistryBroker
2018-12-15 13:04:12,255 [WrapperListener_start_runner] INFO  org.mule.module.extension.internal.manager.DefaultExtensionManager - Starting discovery of extensions
2018-12-15 13:04:12,270 [WrapperListener_start_runner] INFO  org.mule.module.extension.internal.manager.DefaultExtensionManager - Discovered 1 extensions
2018-12-15 13:04:12,270 [WrapperListener_start_runner] INFO  org.mule.module.extension.internal.manager.DefaultExtensionManager - Registering extension validation (version 3.9)
2018-12-15 13:04:12,271 [WrapperListener_start_runner] INFO  org.mule.config.spring.MuleArtifactContext - Refreshing org.mule.config.spring.MuleArtifactContext@369e136c: startup date [Sat Dec 15 13:04:12 EST 2018]; root of context hierarchy
2018-12-15 13:04:12,588 [WrapperListener_start_runner] INFO  org.mule.config.spring.processors.NoDevkitInjectorProcessor - JSR-330 'javax.inject.Inject' annotation found and supported for autowiring
2018-12-15 13:04:12,813 [WrapperListener_start_runner] INFO  org.mule.util.journal.TransactionJournal - Using files for tx logs /opt/mule/./.mule/helloworld-1.0.0-SNAPSHOT/queue-tx-log/tx1.log and /opt/mule/./.mule/helloworld-1.0.0-SNAPSHOT/queue-tx-log/tx2.log
2018-12-15 13:04:12,813 [WrapperListener_start_runner] INFO  org.mule.util.journal.TransactionJournal - Using files for tx logs /opt/mule/./.mule/helloworld-1.0.0-SNAPSHOT/queue-xa-tx-log/tx1.log and /opt/mule/./.mule/helloworld-1.0.0-SNAPSHOT/queue-xa-tx-log/tx2.log
2018-12-15 13:04:12,816 [WrapperListener_start_runner] INFO  org.mule.lifecycle.AbstractLifecycleManager - Initialising model: _muleSystemModel
2018-12-15 13:04:12,817 [WrapperListener_start_runner] INFO  org.mule.construct.FlowConstructLifecycleManager - Initialising flow: helloworldFlow
2018-12-15 13:04:12,818 [WrapperListener_start_runner] INFO  org.mule.exception.DefaultMessagingExceptionStrategy - Initialising exception listener: org.mule.exception.DefaultMessagingExceptionStrategy@21c50f28
2018-12-15 13:04:12,851 [WrapperListener_start_runner] INFO  org.mule.processor.SedaStageLifecycleManager - Initialising service: helloworldFlow.stage1
2018-12-15 13:04:12,873 [WrapperListener_start_runner] INFO  org.mule.config.spring.SpringXmlConfigurationBuilder - Configured Mule using "org.mule.config.spring.SpringXmlConfigurationBuilder" with configuration resource(s): "[ConfigResource{resourceName='/opt/mule/apps/helloworld-1.0.0-SNAPSHOT/helloworld.xml'}]"
2018-12-15 13:04:12,873 [WrapperListener_start_runner] INFO  org.mule.config.builders.AutoConfigurationBuilder - Configured Mule using "org.mule.config.builders.AutoConfigurationBuilder" with configuration resource(s): "[ConfigResource{resourceName='/opt/mule/apps/helloworld-1.0.0-SNAPSHOT/helloworld.xml'}]"
2018-12-15 13:04:12,873 [WrapperListener_start_runner] INFO  org.mule.module.launcher.application.DefaultMuleApplication - 
++++++++++++++++++++++++++++++++++++++++++++++++++++++++++++
+ Starting app 'helloworld-1.0.0-SNAPSHOT'                 +
++++++++++++++++++++++++++++++++++++++++++++++++++++++++++++
2018-12-15 13:04:12,874 [WrapperListener_start_runner] INFO  org.mule.util.queue.QueueXaResourceManager - Starting ResourceManager
2018-12-15 13:04:12,874 [WrapperListener_start_runner] INFO  org.mule.util.queue.QueueXaResourceManager - Started ResourceManager
2018-12-15 13:04:12,895 [WrapperListener_start_runner] INFO  org.mule.module.http.internal.listener.DefaultHttpListenerConfig - Listening for requests on http://0.0.0.0:8081/api
2018-12-15 13:04:12,897 [WrapperListener_start_runner] INFO  org.mule.lifecycle.AbstractLifecycleManager - Starting model: _muleSystemModel
2018-12-15 13:04:12,898 [WrapperListener_start_runner] INFO  org.mule.construct.FlowConstructLifecycleManager - Starting flow: helloworldFlow
2018-12-15 13:04:12,899 [WrapperListener_start_runner] INFO  org.mule.processor.SedaStageLifecycleManager - Starting service: helloworldFlow.stage1
2018-12-15 13:04:12,908 [WrapperListener_start_runner] INFO  org.mule.DefaultMuleContext - 
**********************************************************************
* Application: helloworld-1.0.0-SNAPSHOT                             *
* OS encoding: /, Mule encoding: UTF-8                               *
*                                                                    *
* Agents Running:                                                    *
*   JMX Agent                                                        *
*   Wrapper Manager: Mule PID #7309, Wrapper PID #7307               *
**********************************************************************
2018-12-15 13:08:13,464 [WrapperListener_stop_runner] INFO  org.mule.module.launcher.application.DefaultMuleApplication - 
++++++++++++++++++++++++++++++++++++++++++++++++++++++++++++
+ Stopping app 'helloworld-1.0.0-SNAPSHOT'                 +
++++++++++++++++++++++++++++++++++++++++++++++++++++++++++++
2018-12-15 13:08:13,465 [WrapperListener_stop_runner] INFO  org.mule.construct.FlowConstructLifecycleManager - Stopping flow: helloworldFlow
2018-12-15 13:08:13,467 [WrapperListener_stop_runner] INFO  org.mule.processor.SedaStageLifecycleManager - Stopping service: helloworldFlow.stage1
2018-12-15 13:08:13,529 [WrapperListener_stop_runner] INFO  org.mule.lifecycle.AbstractLifecycleManager - Stopping model: _muleSystemModel
2018-12-15 13:08:13,554 [WrapperListener_stop_runner] INFO  org.mule.module.http.internal.listener.DefaultHttpListenerConfig - Stopped listener on http://0.0.0.0:8081/api
2018-12-15 13:08:13,554 [WrapperListener_stop_runner] INFO  org.mule.util.queue.QueueXaResourceManager - Stopping ResourceManager
2018-12-15 13:08:13,554 [WrapperListener_stop_runner] INFO  org.mule.util.queue.QueueXaResourceManager - Stopped ResourceManager
2018-12-15 13:08:13,560 [WrapperListener_stop_runner] INFO  org.mule.module.launcher.application.DefaultMuleApplication - 
++++++++++++++++++++++++++++++++++++++++++++++++++++++++++++
+ Disposing app 'helloworld-1.0.0-SNAPSHOT'                +
++++++++++++++++++++++++++++++++++++++++++++++++++++++++++++
2018-12-15 13:08:13,561 [WrapperListener_stop_runner] INFO  org.mule.lifecycle.AbstractLifecycleManager - Disposing RegistryBroker
2018-12-15 13:08:13,561 [WrapperListener_stop_runner] INFO  org.mule.construct.FlowConstructLifecycleManager - Disposing flow: helloworldFlow
2018-12-15 13:08:13,562 [WrapperListener_stop_runner] INFO  org.mule.processor.SedaStageLifecycleManager - Disposing service: helloworldFlow.stage1
2018-12-15 13:08:13,564 [WrapperListener_stop_runner] INFO  org.mule.lifecycle.AbstractLifecycleManager - Disposing model: _muleSystemModel
2018-12-15 13:08:13,649 [WrapperListener_stop_runner] INFO  org.mule.config.spring.MuleArtifactContext - Closing org.mule.config.spring.MuleArtifactContext@369e136c: startup date [Sat Dec 15 13:04:12 EST 2018]; root of context hierarchy
2018-12-15 13:08:13,656 [WrapperListener_stop_runner] INFO  org.mule.DefaultMuleContext - 
**********************************************************************
* Application "helloworld-1.0.0-SNAPSHOT" shut down normally on:     *
* 12/15/18 1:08 PM                                                   *
* Up for: 0 days, 0 hours, 4 mins, 0.781 sec                         *
**********************************************************************
2018-12-15 13:13:03,215 [WrapperListener_start_runner] INFO  org.mule.module.launcher.application.DefaultMuleApplication - 
++++++++++++++++++++++++++++++++++++++++++++++++++++++++++++
+ Initializing app 'helloworld-1.0.0-SNAPSHOT'             +
++++++++++++++++++++++++++++++++++++++++++++++++++++++++++++
2018-12-15 13:13:03,221 [WrapperListener_start_runner] INFO  org.mule.lifecycle.AbstractLifecycleManager - Initialising RegistryBroker
2018-12-15 13:13:03,224 [WrapperListener_start_runner] INFO  org.mule.module.extension.internal.manager.DefaultExtensionManager - Starting discovery of extensions
2018-12-15 13:13:03,238 [WrapperListener_start_runner] INFO  org.mule.module.extension.internal.manager.DefaultExtensionManager - Discovered 1 extensions
2018-12-15 13:13:03,238 [WrapperListener_start_runner] INFO  org.mule.module.extension.internal.manager.DefaultExtensionManager - Registering extension validation (version 3.9)
2018-12-15 13:13:03,239 [WrapperListener_start_runner] INFO  org.mule.config.spring.MuleArtifactContext - Refreshing org.mule.config.spring.MuleArtifactContext@369e136c: startup date [Sat Dec 15 13:13:03 EST 2018]; root of context hierarchy
2018-12-15 13:13:03,533 [WrapperListener_start_runner] INFO  org.mule.config.spring.processors.NoDevkitInjectorProcessor - JSR-330 'javax.inject.Inject' annotation found and supported for autowiring
2018-12-15 13:13:03,720 [WrapperListener_start_runner] INFO  org.mule.util.journal.TransactionJournal - Using files for tx logs /opt/mule-standalone-3.9.0/./.mule/helloworld-1.0.0-SNAPSHOT/queue-tx-log/tx1.log and /opt/mule-standalone-3.9.0/./.mule/helloworld-1.0.0-SNAPSHOT/queue-tx-log/tx2.log
2018-12-15 13:13:03,720 [WrapperListener_start_runner] INFO  org.mule.util.journal.TransactionJournal - Using files for tx logs /opt/mule-standalone-3.9.0/./.mule/helloworld-1.0.0-SNAPSHOT/queue-xa-tx-log/tx1.log and /opt/mule-standalone-3.9.0/./.mule/helloworld-1.0.0-SNAPSHOT/queue-xa-tx-log/tx2.log
2018-12-15 13:13:03,724 [WrapperListener_start_runner] INFO  org.mule.lifecycle.AbstractLifecycleManager - Initialising model: _muleSystemModel
2018-12-15 13:13:03,725 [WrapperListener_start_runner] INFO  org.mule.construct.FlowConstructLifecycleManager - Initialising flow: helloworldFlow
2018-12-15 13:13:03,726 [WrapperListener_start_runner] INFO  org.mule.exception.DefaultMessagingExceptionStrategy - Initialising exception listener: org.mule.exception.DefaultMessagingExceptionStrategy@21c50f28
2018-12-15 13:13:03,749 [WrapperListener_start_runner] INFO  org.mule.processor.SedaStageLifecycleManager - Initialising service: helloworldFlow.stage1
2018-12-15 13:13:03,765 [WrapperListener_start_runner] INFO  org.mule.config.spring.SpringXmlConfigurationBuilder - Configured Mule using "org.mule.config.spring.SpringXmlConfigurationBuilder" with configuration resource(s): "[ConfigResource{resourceName='/opt/mule-standalone-3.9.0/apps/helloworld-1.0.0-SNAPSHOT/helloworld.xml'}]"
2018-12-15 13:13:03,765 [WrapperListener_start_runner] INFO  org.mule.config.builders.AutoConfigurationBuilder - Configured Mule using "org.mule.config.builders.AutoConfigurationBuilder" with configuration resource(s): "[ConfigResource{resourceName='/opt/mule-standalone-3.9.0/apps/helloworld-1.0.0-SNAPSHOT/helloworld.xml'}]"
2018-12-15 13:13:03,765 [WrapperListener_start_runner] INFO  org.mule.module.launcher.application.DefaultMuleApplication - 
++++++++++++++++++++++++++++++++++++++++++++++++++++++++++++
+ Starting app 'helloworld-1.0.0-SNAPSHOT'                 +
++++++++++++++++++++++++++++++++++++++++++++++++++++++++++++
2018-12-15 13:13:03,766 [WrapperListener_start_runner] INFO  org.mule.util.queue.QueueXaResourceManager - Starting ResourceManager
2018-12-15 13:13:03,766 [WrapperListener_start_runner] INFO  org.mule.util.queue.QueueXaResourceManager - Started ResourceManager
2018-12-15 13:13:03,786 [WrapperListener_start_runner] INFO  org.mule.module.http.internal.listener.DefaultHttpListenerConfig - Listening for requests on http://0.0.0.0:8081/api
2018-12-15 13:13:03,789 [WrapperListener_start_runner] INFO  org.mule.lifecycle.AbstractLifecycleManager - Starting model: _muleSystemModel
2018-12-15 13:13:03,790 [WrapperListener_start_runner] INFO  org.mule.construct.FlowConstructLifecycleManager - Starting flow: helloworldFlow
2018-12-15 13:13:03,790 [WrapperListener_start_runner] INFO  org.mule.processor.SedaStageLifecycleManager - Starting service: helloworldFlow.stage1
2018-12-15 13:13:03,798 [WrapperListener_start_runner] INFO  org.mule.DefaultMuleContext - 
**********************************************************************
* Application: helloworld-1.0.0-SNAPSHOT                             *
* OS encoding: /, Mule encoding: UTF-8                               *
*                                                                    *
* Agents Running:                                                    *
*   JMX Agent                                                        *
*   Wrapper Manager: Mule PID #7613, Wrapper PID #7611               *
**********************************************************************
2018-12-15 13:13:19,754 [[helloworld-1.0.0-SNAPSHOT].HTTP_Listener_Configuration.worker.01] INFO  org.mule.module.http.internal.listener.HttpListenerRegistry - No listener found for request: (GET)/api
2018-12-15 13:13:19,755 [[helloworld-1.0.0-SNAPSHOT].HTTP_Listener_Configuration.worker.01] INFO  org.mule.module.http.internal.listener.HttpListenerRegistry - Available listeners are: [(*)/api/hello/]
2018-12-15 13:13:23,453 [[helloworld-1.0.0-SNAPSHOT].HTTP_Listener_Configuration.worker.02] INFO  org.mule.module.http.internal.listener.HttpListenerRegistry - No listener found for request: (GET)/hello
2018-12-15 13:13:23,453 [[helloworld-1.0.0-SNAPSHOT].HTTP_Listener_Configuration.worker.02] INFO  org.mule.module.http.internal.listener.HttpListenerRegistry - Available listeners are: [(*)/api/hello/]
2018-12-15 13:13:36,405 [[helloworld-1.0.0-SNAPSHOT].HTTP_Listener_Configuration.worker.02] INFO  org.mule.module.http.internal.listener.HttpListenerRegistry - No listener found for request: (GET)/
2018-12-15 13:13:36,405 [[helloworld-1.0.0-SNAPSHOT].HTTP_Listener_Configuration.worker.02] INFO  org.mule.module.http.internal.listener.HttpListenerRegistry - Available listeners are: [(*)/api/hello/]
2018-12-15 13:13:43,013 [[helloworld-1.0.0-SNAPSHOT].HTTP_Listener_Configuration.worker.02] INFO  org.mule.module.http.internal.listener.HttpListenerRegistry - No listener found for request: (GET)/helloworld
2018-12-15 13:13:43,013 [[helloworld-1.0.0-SNAPSHOT].HTTP_Listener_Configuration.worker.02] INFO  org.mule.module.http.internal.listener.HttpListenerRegistry - Available listeners are: [(*)/api/hello/]
2018-12-15 13:14:01,165 [[helloworld-1.0.0-SNAPSHOT].HTTP_Listener_Configuration.worker.02] INFO  org.mule.module.http.internal.listener.HttpListenerRegistry - No listener found for request: (GET)/helloworld
2018-12-15 13:14:01,165 [[helloworld-1.0.0-SNAPSHOT].HTTP_Listener_Configuration.worker.02] INFO  org.mule.module.http.internal.listener.HttpListenerRegistry - Available listeners are: [(*)/api/hello/]
2018-12-15 13:14:43,828 [Mule.app.deployer.monitor.1.thread.1] INFO  org.mule.module.launcher.application.DefaultMuleApplication - 
++++++++++++++++++++++++++++++++++++++++++++++++++++++++++++
+ Stopping app 'helloworld-1.0.0-SNAPSHOT'                 +
++++++++++++++++++++++++++++++++++++++++++++++++++++++++++++
2018-12-15 13:14:43,829 [Mule.app.deployer.monitor.1.thread.1] INFO  org.mule.construct.FlowConstructLifecycleManager - Stopping flow: helloworldFlow
2018-12-15 13:14:43,829 [Mule.app.deployer.monitor.1.thread.1] INFO  org.mule.processor.SedaStageLifecycleManager - Stopping service: helloworldFlow.stage1
2018-12-15 13:14:43,991 [Mule.app.deployer.monitor.1.thread.1] INFO  org.mule.lifecycle.AbstractLifecycleManager - Stopping model: _muleSystemModel
2018-12-15 13:14:43,994 [Mule.app.deployer.monitor.1.thread.1] INFO  org.mule.module.http.internal.listener.DefaultHttpListenerConfig - Stopped listener on http://0.0.0.0:8081/api
2018-12-15 13:14:43,996 [Mule.app.deployer.monitor.1.thread.1] INFO  org.mule.util.queue.QueueXaResourceManager - Stopping ResourceManager
2018-12-15 13:14:43,996 [Mule.app.deployer.monitor.1.thread.1] INFO  org.mule.util.queue.QueueXaResourceManager - Stopped ResourceManager
2018-12-15 13:14:43,999 [Mule.app.deployer.monitor.1.thread.1] INFO  org.mule.module.launcher.application.DefaultMuleApplication - 
++++++++++++++++++++++++++++++++++++++++++++++++++++++++++++
+ Disposing app 'helloworld-1.0.0-SNAPSHOT'                +
++++++++++++++++++++++++++++++++++++++++++++++++++++++++++++
2018-12-15 13:14:43,999 [Mule.app.deployer.monitor.1.thread.1] INFO  org.mule.lifecycle.AbstractLifecycleManager - Disposing RegistryBroker
2018-12-15 13:14:44,000 [Mule.app.deployer.monitor.1.thread.1] INFO  org.mule.construct.FlowConstructLifecycleManager - Disposing flow: helloworldFlow
2018-12-15 13:14:44,000 [Mule.app.deployer.monitor.1.thread.1] INFO  org.mule.processor.SedaStageLifecycleManager - Disposing service: helloworldFlow.stage1
2018-12-15 13:14:44,001 [Mule.app.deployer.monitor.1.thread.1] INFO  org.mule.lifecycle.AbstractLifecycleManager - Disposing model: _muleSystemModel
2018-12-15 13:14:44,077 [Mule.app.deployer.monitor.1.thread.1] INFO  org.mule.config.spring.MuleArtifactContext - Closing org.mule.config.spring.MuleArtifactContext@369e136c: startup date [Sat Dec 15 13:13:03 EST 2018]; root of context hierarchy
2018-12-15 13:14:44,085 [Mule.app.deployer.monitor.1.thread.1] INFO  org.mule.DefaultMuleContext - 
**********************************************************************
* Application "helloworld-1.0.0-SNAPSHOT" shut down normally on:     *
* 12/15/18 1:14 PM                                                   *
* Up for: 0 days, 0 hours, 1 mins, 40.315 sec                        *
**********************************************************************
2018-12-15 13:19:29,210 [Mule.app.deployer.monitor.1.thread.1] INFO  org.mule.module.launcher.application.DefaultMuleApplication - 
++++++++++++++++++++++++++++++++++++++++++++++++++++++++++++
+ Initializing app 'helloworld-1.0.0'                      +
++++++++++++++++++++++++++++++++++++++++++++++++++++++++++++
2018-12-15 13:19:29,213 [Mule.app.deployer.monitor.1.thread.1] INFO  org.mule.lifecycle.AbstractLifecycleManager - Initialising RegistryBroker
2018-12-15 13:19:29,215 [Mule.app.deployer.monitor.1.thread.1] INFO  org.mule.module.extension.internal.manager.DefaultExtensionManager - Starting discovery of extensions
2018-12-15 13:19:29,224 [Mule.app.deployer.monitor.1.thread.1] INFO  org.mule.module.extension.internal.manager.DefaultExtensionManager - Discovered 1 extensions
2018-12-15 13:19:29,224 [Mule.app.deployer.monitor.1.thread.1] INFO  org.mule.module.extension.internal.manager.DefaultExtensionManager - Registering extension validation (version 3.9)
2018-12-15 13:19:29,225 [Mule.app.deployer.monitor.1.thread.1] INFO  org.mule.config.spring.MuleArtifactContext - Refreshing org.mule.config.spring.MuleArtifactContext@3722b0bd: startup date [Sat Dec 15 13:19:29 EST 2018]; root of context hierarchy
2018-12-15 13:19:29,402 [Mule.app.deployer.monitor.1.thread.1] INFO  org.mule.config.spring.processors.NoDevkitInjectorProcessor - JSR-330 'javax.inject.Inject' annotation found and supported for autowiring
2018-12-15 13:19:29,471 [Mule.app.deployer.monitor.1.thread.1] INFO  org.mule.util.journal.TransactionJournal - Using files for tx logs /opt/mule-standalone-3.9.0/./.mule/helloworld-1.0.0/queue-tx-log/tx1.log and /opt/mule-standalone-3.9.0/./.mule/helloworld-1.0.0/queue-tx-log/tx2.log
2018-12-15 13:19:29,472 [Mule.app.deployer.monitor.1.thread.1] INFO  org.mule.util.journal.TransactionJournal - Using files for tx logs /opt/mule-standalone-3.9.0/./.mule/helloworld-1.0.0/queue-xa-tx-log/tx1.log and /opt/mule-standalone-3.9.0/./.mule/helloworld-1.0.0/queue-xa-tx-log/tx2.log
2018-12-15 13:19:29,478 [Mule.app.deployer.monitor.1.thread.1] INFO  org.mule.lifecycle.AbstractLifecycleManager - Initialising model: _muleSystemModel
2018-12-15 13:19:29,479 [Mule.app.deployer.monitor.1.thread.1] INFO  org.mule.construct.FlowConstructLifecycleManager - Initialising flow: helloworldFlow
2018-12-15 13:19:29,479 [Mule.app.deployer.monitor.1.thread.1] INFO  org.mule.exception.DefaultMessagingExceptionStrategy - Initialising exception listener: org.mule.exception.DefaultMessagingExceptionStrategy@7596741e
2018-12-15 13:19:29,481 [Mule.app.deployer.monitor.1.thread.1] INFO  org.mule.processor.SedaStageLifecycleManager - Initialising service: helloworldFlow.stage1
2018-12-15 13:19:29,494 [Mule.app.deployer.monitor.1.thread.1] INFO  org.mule.config.spring.SpringXmlConfigurationBuilder - Configured Mule using "org.mule.config.spring.SpringXmlConfigurationBuilder" with configuration resource(s): "[ConfigResource{resourceName='/opt/mule-standalone-3.9.0/apps/helloworld-1.0.0/helloworld.xml'}]"
2018-12-15 13:19:29,495 [Mule.app.deployer.monitor.1.thread.1] INFO  org.mule.config.builders.AutoConfigurationBuilder - Configured Mule using "org.mule.config.builders.AutoConfigurationBuilder" with configuration resource(s): "[ConfigResource{resourceName='/opt/mule-standalone-3.9.0/apps/helloworld-1.0.0/helloworld.xml'}]"
2018-12-15 13:19:29,495 [Mule.app.deployer.monitor.1.thread.1] INFO  org.mule.module.launcher.application.DefaultMuleApplication - 
++++++++++++++++++++++++++++++++++++++++++++++++++++++++++++
+ Starting app 'helloworld-1.0.0'                          +
++++++++++++++++++++++++++++++++++++++++++++++++++++++++++++
2018-12-15 13:19:29,497 [Mule.app.deployer.monitor.1.thread.1] INFO  org.mule.util.queue.QueueXaResourceManager - Starting ResourceManager
2018-12-15 13:19:29,497 [Mule.app.deployer.monitor.1.thread.1] INFO  org.mule.util.queue.QueueXaResourceManager - Started ResourceManager
2018-12-15 13:19:29,501 [Mule.app.deployer.monitor.1.thread.1] INFO  org.mule.module.http.internal.listener.DefaultHttpListenerConfig - Listening for requests on http://0.0.0.0:8081/api
2018-12-15 13:19:29,504 [Mule.app.deployer.monitor.1.thread.1] INFO  org.mule.lifecycle.AbstractLifecycleManager - Starting model: _muleSystemModel
2018-12-15 13:19:29,504 [Mule.app.deployer.monitor.1.thread.1] INFO  org.mule.construct.FlowConstructLifecycleManager - Starting flow: helloworldFlow
2018-12-15 13:19:29,504 [Mule.app.deployer.monitor.1.thread.1] INFO  org.mule.processor.SedaStageLifecycleManager - Starting service: helloworldFlow.stage1
2018-12-15 13:19:29,513 [Mule.app.deployer.monitor.1.thread.1] INFO  org.mule.DefaultMuleContext - 
**********************************************************************
* Application: helloworld-1.0.0                                      *
* OS encoding: /, Mule encoding: UTF-8                               *
*                                                                    *
* Agents Running:                                                    *
*   JMX Agent                                                        *
*   Wrapper Manager: Mule PID #7613, Wrapper PID #7611               *
**********************************************************************
2018-12-15 13:21:11,438 [[helloworld-1.0.0].HTTP_Listener_Configuration.worker.01] INFO  org.mule.module.http.internal.listener.HttpListenerRegistry - No listener found for request: (GET)/
2018-12-15 13:21:11,439 [[helloworld-1.0.0].HTTP_Listener_Configuration.worker.01] INFO  org.mule.module.http.internal.listener.HttpListenerRegistry - Available listeners are: [(*)/api/hello/]
2018-12-15 13:21:20,341 [[helloworld-1.0.0].HTTP_Listener_Configuration.worker.01] INFO  org.mule.module.http.internal.listener.HttpListenerRegistry - No listener found for request: (GET)/hello
2018-12-15 13:21:20,341 [[helloworld-1.0.0].HTTP_Listener_Configuration.worker.01] INFO  org.mule.module.http.internal.listener.HttpListenerRegistry - Available listeners are: [(*)/api/hello/]
2018-12-15 13:21:24,453 [[helloworld-1.0.0].HTTP_Listener_Configuration.worker.01] INFO  org.mule.module.http.internal.listener.HttpListenerRegistry - No listener found for request: (GET)/helloworld
2018-12-15 13:21:24,453 [[helloworld-1.0.0].HTTP_Listener_Configuration.worker.01] INFO  org.mule.module.http.internal.listener.HttpListenerRegistry - Available listeners are: [(*)/api/hello/]
2018-12-15 13:21:31,604 [[helloworld-1.0.0].HTTP_Listener_Configuration.worker.01] INFO  org.mule.module.http.internal.listener.HttpListenerRegistry - No listener found for request: (GET)/
2018-12-15 13:21:31,604 [[helloworld-1.0.0].HTTP_Listener_Configuration.worker.01] INFO  org.mule.module.http.internal.listener.HttpListenerRegistry - Available listeners are: [(*)/api/hello/]
2018-12-15 13:23:06,861 [[helloworld-1.0.0].HTTP_Listener_Configuration.worker.01] INFO  org.mule.module.http.internal.listener.HttpListenerRegistry - No listener found for request: (GET)/hello
2018-12-15 13:23:06,861 [[helloworld-1.0.0].HTTP_Listener_Configuration.worker.01] INFO  org.mule.module.http.internal.listener.HttpListenerRegistry - Available listeners are: [(*)/api/hello/]
2018-12-15 13:23:43,750 [[helloworld-1.0.0].HTTP_Listener_Configuration.worker.01] INFO  org.mule.api.processor.LoggerMessageProcessor - Hello world programme executed successfully..
2018-12-15 13:23:56,828 [[helloworld-1.0.0].HTTP_Listener_Configuration.worker.01] INFO  org.mule.api.processor.LoggerMessageProcessor - Hello world programme executed successfully..
2018-12-15 13:31:34,535 [WrapperListener_stop_runner] INFO  org.mule.module.launcher.application.DefaultMuleApplication - 
++++++++++++++++++++++++++++++++++++++++++++++++++++++++++++
+ Stopping app 'helloworld-1.0.0'                          +
++++++++++++++++++++++++++++++++++++++++++++++++++++++++++++
2018-12-15 13:31:34,536 [WrapperListener_stop_runner] INFO  org.mule.construct.FlowConstructLifecycleManager - Stopping flow: helloworldFlow
2018-12-15 13:31:34,536 [WrapperListener_stop_runner] INFO  org.mule.processor.SedaStageLifecycleManager - Stopping service: helloworldFlow.stage1
2018-12-15 13:31:34,557 [WrapperListener_stop_runner] INFO  org.mule.lifecycle.AbstractLifecycleManager - Stopping model: _muleSystemModel
2018-12-15 13:31:34,562 [WrapperListener_stop_runner] INFO  org.mule.module.http.internal.listener.DefaultHttpListenerConfig - Stopped listener on http://0.0.0.0:8081/api
2018-12-15 13:31:34,563 [WrapperListener_stop_runner] INFO  org.mule.util.queue.QueueXaResourceManager - Stopping ResourceManager
2018-12-15 13:31:34,563 [WrapperListener_stop_runner] INFO  org.mule.util.queue.QueueXaResourceManager - Stopped ResourceManager
2018-12-15 13:31:34,564 [WrapperListener_stop_runner] INFO  org.mule.module.launcher.application.DefaultMuleApplication - 
++++++++++++++++++++++++++++++++++++++++++++++++++++++++++++
+ Disposing app 'helloworld-1.0.0'                         +
++++++++++++++++++++++++++++++++++++++++++++++++++++++++++++
2018-12-15 13:31:34,564 [WrapperListener_stop_runner] INFO  org.mule.lifecycle.AbstractLifecycleManager - Disposing RegistryBroker
2018-12-15 13:31:34,565 [WrapperListener_stop_runner] INFO  org.mule.construct.FlowConstructLifecycleManager - Disposing flow: helloworldFlow
2018-12-15 13:31:34,565 [WrapperListener_stop_runner] INFO  org.mule.processor.SedaStageLifecycleManager - Disposing service: helloworldFlow.stage1
2018-12-15 13:31:34,567 [WrapperListener_stop_runner] INFO  org.mule.lifecycle.AbstractLifecycleManager - Disposing model: _muleSystemModel
2018-12-15 13:31:34,586 [WrapperListener_stop_runner] INFO  org.mule.config.spring.MuleArtifactContext - Closing org.mule.config.spring.MuleArtifactContext@3722b0bd: startup date [Sat Dec 15 13:19:29 EST 2018]; root of context hierarchy
2018-12-15 13:31:34,589 [WrapperListener_stop_runner] INFO  org.mule.DefaultMuleContext - 
**********************************************************************
* Application "helloworld-1.0.0" shut down normally on: 12/15/18     *
* 1:31 PM                                                            *
* Up for: 0 days, 0 hours, 12 mins, 5.94 sec                         *
**********************************************************************
2018-12-15 13:32:34,143 [WrapperListener_start_runner] INFO  org.mule.module.launcher.application.DefaultMuleApplication - 
++++++++++++++++++++++++++++++++++++++++++++++++++++++++++++
+ Initializing app 'helloworld-1.0.0'                      +
++++++++++++++++++++++++++++++++++++++++++++++++++++++++++++
2018-12-15 13:32:34,148 [WrapperListener_start_runner] INFO  org.mule.lifecycle.AbstractLifecycleManager - Initialising RegistryBroker
2018-12-15 13:32:34,150 [WrapperListener_start_runner] INFO  org.mule.module.extension.internal.manager.DefaultExtensionManager - Starting discovery of extensions
2018-12-15 13:32:34,163 [WrapperListener_start_runner] INFO  org.mule.module.extension.internal.manager.DefaultExtensionManager - Discovered 1 extensions
2018-12-15 13:32:34,164 [WrapperListener_start_runner] INFO  org.mule.module.extension.internal.manager.DefaultExtensionManager - Registering extension validation (version 3.9)
2018-12-15 13:32:34,165 [WrapperListener_start_runner] INFO  org.mule.config.spring.MuleArtifactContext - Refreshing org.mule.config.spring.MuleArtifactContext@23b50c76: startup date [Sat Dec 15 13:32:34 EST 2018]; root of context hierarchy
2018-12-15 13:32:34,461 [WrapperListener_start_runner] INFO  org.mule.config.spring.processors.NoDevkitInjectorProcessor - JSR-330 'javax.inject.Inject' annotation found and supported for autowiring
2018-12-15 13:32:34,671 [WrapperListener_start_runner] INFO  org.mule.util.journal.TransactionJournal - Using files for tx logs /opt/mule-standalone-3.9.0/./.mule/helloworld-1.0.0/queue-tx-log/tx1.log and /opt/mule-standalone-3.9.0/./.mule/helloworld-1.0.0/queue-tx-log/tx2.log
2018-12-15 13:32:34,672 [WrapperListener_start_runner] INFO  org.mule.util.journal.TransactionJournal - Using files for tx logs /opt/mule-standalone-3.9.0/./.mule/helloworld-1.0.0/queue-xa-tx-log/tx1.log and /opt/mule-standalone-3.9.0/./.mule/helloworld-1.0.0/queue-xa-tx-log/tx2.log
2018-12-15 13:32:34,675 [WrapperListener_start_runner] INFO  org.mule.lifecycle.AbstractLifecycleManager - Initialising model: _muleSystemModel
2018-12-15 13:32:34,677 [WrapperListener_start_runner] INFO  org.mule.construct.FlowConstructLifecycleManager - Initialising flow: helloworldFlow
2018-12-15 13:32:34,678 [WrapperListener_start_runner] INFO  org.mule.exception.DefaultMessagingExceptionStrategy - Initialising exception listener: org.mule.exception.DefaultMessagingExceptionStrategy@6b5b8a3b
2018-12-15 13:32:34,701 [WrapperListener_start_runner] INFO  org.mule.processor.SedaStageLifecycleManager - Initialising service: helloworldFlow.stage1
2018-12-15 13:32:34,718 [WrapperListener_start_runner] INFO  org.mule.config.spring.SpringXmlConfigurationBuilder - Configured Mule using "org.mule.config.spring.SpringXmlConfigurationBuilder" with configuration resource(s): "[ConfigResource{resourceName='/opt/mule-standalone-3.9.0/apps/helloworld-1.0.0/helloworld.xml'}]"
2018-12-15 13:32:34,718 [WrapperListener_start_runner] INFO  org.mule.config.builders.AutoConfigurationBuilder - Configured Mule using "org.mule.config.builders.AutoConfigurationBuilder" with configuration resource(s): "[ConfigResource{resourceName='/opt/mule-standalone-3.9.0/apps/helloworld-1.0.0/helloworld.xml'}]"
2018-12-15 13:32:34,718 [WrapperListener_start_runner] INFO  org.mule.module.launcher.application.DefaultMuleApplication - 
++++++++++++++++++++++++++++++++++++++++++++++++++++++++++++
+ Starting app 'helloworld-1.0.0'                          +
++++++++++++++++++++++++++++++++++++++++++++++++++++++++++++
2018-12-15 13:32:34,719 [WrapperListener_start_runner] INFO  org.mule.util.queue.QueueXaResourceManager - Starting ResourceManager
2018-12-15 13:32:34,719 [WrapperListener_start_runner] INFO  org.mule.util.queue.QueueXaResourceManager - Started ResourceManager
2018-12-15 13:32:34,742 [WrapperListener_start_runner] INFO  org.mule.module.http.internal.listener.DefaultHttpListenerConfig - Listening for requests on http://172.18.1.223:8081/api
2018-12-15 13:32:34,745 [WrapperListener_start_runner] INFO  org.mule.lifecycle.AbstractLifecycleManager - Starting model: _muleSystemModel
2018-12-15 13:32:34,746 [WrapperListener_start_runner] INFO  org.mule.construct.FlowConstructLifecycleManager - Starting flow: helloworldFlow
2018-12-15 13:32:34,746 [WrapperListener_start_runner] INFO  org.mule.processor.SedaStageLifecycleManager - Starting service: helloworldFlow.stage1
2018-12-15 13:32:34,754 [WrapperListener_start_runner] INFO  org.mule.DefaultMuleContext - 
**********************************************************************
* Application: helloworld-1.0.0                                      *
* OS encoding: /, Mule encoding: UTF-8                               *
*                                                                    *
* Agents Running:                                                    *
*   JMX Agent                                                        *
*   Wrapper Manager: Mule PID #8019, Wrapper PID #8017               *
**********************************************************************
2018-12-15 13:32:58,530 [[helloworld-1.0.0].HTTP_Listener_Configuration.worker.01] INFO  org.mule.module.http.internal.listener.HttpListenerRegistry - No listener found for request: (GET)/hello
2018-12-15 13:32:58,530 [[helloworld-1.0.0].HTTP_Listener_Configuration.worker.01] INFO  org.mule.module.http.internal.listener.HttpListenerRegistry - Available listeners are: [(*)/api/hello/]
2018-12-15 13:33:09,718 [[helloworld-1.0.0].HTTP_Listener_Configuration.worker.01] INFO  org.mule.module.http.internal.listener.HttpListenerRegistry - No listener found for request: (GET)/api/hellohello
2018-12-15 13:33:09,718 [[helloworld-1.0.0].HTTP_Listener_Configuration.worker.01] INFO  org.mule.module.http.internal.listener.HttpListenerRegistry - Available listeners are: [(*)/api/hello/]
2018-12-15 13:33:17,181 [[helloworld-1.0.0].HTTP_Listener_Configuration.worker.01] INFO  org.mule.module.http.internal.listener.HttpListenerRegistry - No listener found for request: (GET)/api/hellohworld
2018-12-15 13:33:17,181 [[helloworld-1.0.0].HTTP_Listener_Configuration.worker.01] INFO  org.mule.module.http.internal.listener.HttpListenerRegistry - Available listeners are: [(*)/api/hello/]
2018-12-15 13:34:04,261 [[helloworld-1.0.0].HTTP_Listener_Configuration.worker.01] INFO  org.mule.module.http.internal.listener.HttpListenerRegistry - No listener found for request: (GET)/api/hellohworld
2018-12-15 13:34:04,261 [[helloworld-1.0.0].HTTP_Listener_Configuration.worker.01] INFO  org.mule.module.http.internal.listener.HttpListenerRegistry - Available listeners are: [(*)/api/hello/]
2018-12-15 13:34:11,084 [[helloworld-1.0.0].HTTP_Listener_Configuration.worker.01] INFO  org.mule.module.http.internal.listener.HttpListenerRegistry - No listener found for request: (GET)/hellohworld
2018-12-15 13:34:11,084 [[helloworld-1.0.0].HTTP_Listener_Configuration.worker.01] INFO  org.mule.module.http.internal.listener.HttpListenerRegistry - Available listeners are: [(*)/api/hello/]
2018-12-15 13:35:24,791 [Mule.app.deployer.monitor.1.thread.1] INFO  org.mule.module.launcher.application.DefaultMuleApplication - 
++++++++++++++++++++++++++++++++++++++++++++++++++++++++++++
+ Stopping app 'helloworld-1.0.0'                          +
++++++++++++++++++++++++++++++++++++++++++++++++++++++++++++
2018-12-15 13:35:24,792 [Mule.app.deployer.monitor.1.thread.1] INFO  org.mule.construct.FlowConstructLifecycleManager - Stopping flow: helloworldFlow
2018-12-15 13:35:24,792 [Mule.app.deployer.monitor.1.thread.1] INFO  org.mule.processor.SedaStageLifecycleManager - Stopping service: helloworldFlow.stage1
2018-12-15 13:35:24,823 [Mule.app.deployer.monitor.1.thread.1] INFO  org.mule.lifecycle.AbstractLifecycleManager - Stopping model: _muleSystemModel
2018-12-15 13:35:24,827 [Mule.app.deployer.monitor.1.thread.1] INFO  org.mule.module.http.internal.listener.DefaultHttpListenerConfig - Stopped listener on http://172.18.1.223:8081/api
2018-12-15 13:35:24,828 [Mule.app.deployer.monitor.1.thread.1] INFO  org.mule.util.queue.QueueXaResourceManager - Stopping ResourceManager
2018-12-15 13:35:24,828 [Mule.app.deployer.monitor.1.thread.1] INFO  org.mule.util.queue.QueueXaResourceManager - Stopped ResourceManager
2018-12-15 13:35:24,830 [Mule.app.deployer.monitor.1.thread.1] INFO  org.mule.module.launcher.application.DefaultMuleApplication - 
++++++++++++++++++++++++++++++++++++++++++++++++++++++++++++
+ Disposing app 'helloworld-1.0.0'                         +
++++++++++++++++++++++++++++++++++++++++++++++++++++++++++++
2018-12-15 13:35:24,831 [Mule.app.deployer.monitor.1.thread.1] INFO  org.mule.lifecycle.AbstractLifecycleManager - Disposing RegistryBroker
2018-12-15 13:35:24,831 [Mule.app.deployer.monitor.1.thread.1] INFO  org.mule.construct.FlowConstructLifecycleManager - Disposing flow: helloworldFlow
2018-12-15 13:35:24,832 [Mule.app.deployer.monitor.1.thread.1] INFO  org.mule.processor.SedaStageLifecycleManager - Disposing service: helloworldFlow.stage1
2018-12-15 13:35:24,832 [Mule.app.deployer.monitor.1.thread.1] INFO  org.mule.lifecycle.AbstractLifecycleManager - Disposing model: _muleSystemModel
2018-12-15 13:35:24,895 [Mule.app.deployer.monitor.1.thread.1] INFO  org.mule.config.spring.MuleArtifactContext - Closing org.mule.config.spring.MuleArtifactContext@23b50c76: startup date [Sat Dec 15 13:32:34 EST 2018]; root of context hierarchy
2018-12-15 13:35:24,901 [Mule.app.deployer.monitor.1.thread.1] INFO  org.mule.DefaultMuleContext - 
**********************************************************************
* Application "helloworld-1.0.0" shut down normally on: 12/15/18     *
* 1:35 PM                                                            *
* Up for: 0 days, 0 hours, 2 mins, 50.181 sec                        *
**********************************************************************
2018-12-15 13:37:29,976 [Mule.app.deployer.monitor.1.thread.1] INFO  org.mule.module.launcher.application.DefaultMuleApplication - 
++++++++++++++++++++++++++++++++++++++++++++++++++++++++++++
+ Initializing app 'helloworld-1.0.0'                      +
++++++++++++++++++++++++++++++++++++++++++++++++++++++++++++
2018-12-15 13:37:29,982 [Mule.app.deployer.monitor.1.thread.1] INFO  org.mule.lifecycle.AbstractLifecycleManager - Initialising RegistryBroker
2018-12-15 13:37:29,984 [Mule.app.deployer.monitor.1.thread.1] INFO  org.mule.module.extension.internal.manager.DefaultExtensionManager - Starting discovery of extensions
2018-12-15 13:37:29,995 [Mule.app.deployer.monitor.1.thread.1] INFO  org.mule.module.extension.internal.manager.DefaultExtensionManager - Discovered 1 extensions
2018-12-15 13:37:29,995 [Mule.app.deployer.monitor.1.thread.1] INFO  org.mule.module.extension.internal.manager.DefaultExtensionManager - Registering extension validation (version 3.9)
2018-12-15 13:37:29,996 [Mule.app.deployer.monitor.1.thread.1] INFO  org.mule.config.spring.MuleArtifactContext - Refreshing org.mule.config.spring.MuleArtifactContext@2aef0359: startup date [Sat Dec 15 13:37:29 EST 2018]; root of context hierarchy
2018-12-15 13:37:30,230 [Mule.app.deployer.monitor.1.thread.1] INFO  org.mule.config.spring.processors.NoDevkitInjectorProcessor - JSR-330 'javax.inject.Inject' annotation found and supported for autowiring
2018-12-15 13:37:30,335 [Mule.app.deployer.monitor.1.thread.1] INFO  org.mule.util.journal.TransactionJournal - Using files for tx logs /opt/mule-standalone-3.9.0/./.mule/helloworld-1.0.0/queue-tx-log/tx1.log and /opt/mule-standalone-3.9.0/./.mule/helloworld-1.0.0/queue-tx-log/tx2.log
2018-12-15 13:37:30,335 [Mule.app.deployer.monitor.1.thread.1] INFO  org.mule.util.journal.TransactionJournal - Using files for tx logs /opt/mule-standalone-3.9.0/./.mule/helloworld-1.0.0/queue-xa-tx-log/tx1.log and /opt/mule-standalone-3.9.0/./.mule/helloworld-1.0.0/queue-xa-tx-log/tx2.log
2018-12-15 13:37:30,339 [Mule.app.deployer.monitor.1.thread.1] INFO  org.mule.lifecycle.AbstractLifecycleManager - Initialising model: _muleSystemModel
2018-12-15 13:37:30,340 [Mule.app.deployer.monitor.1.thread.1] INFO  org.mule.construct.FlowConstructLifecycleManager - Initialising flow: helloworldFlow
2018-12-15 13:37:30,340 [Mule.app.deployer.monitor.1.thread.1] INFO  org.mule.exception.DefaultMessagingExceptionStrategy - Initialising exception listener: org.mule.exception.DefaultMessagingExceptionStrategy@1979e13e
2018-12-15 13:37:30,342 [Mule.app.deployer.monitor.1.thread.1] INFO  org.mule.processor.SedaStageLifecycleManager - Initialising service: helloworldFlow.stage1
2018-12-15 13:37:30,349 [Mule.app.deployer.monitor.1.thread.1] INFO  org.mule.config.spring.SpringXmlConfigurationBuilder - Configured Mule using "org.mule.config.spring.SpringXmlConfigurationBuilder" with configuration resource(s): "[ConfigResource{resourceName='/opt/mule-standalone-3.9.0/apps/helloworld-1.0.0/helloworld.xml'}]"
2018-12-15 13:37:30,350 [Mule.app.deployer.monitor.1.thread.1] INFO  org.mule.config.builders.AutoConfigurationBuilder - Configured Mule using "org.mule.config.builders.AutoConfigurationBuilder" with configuration resource(s): "[ConfigResource{resourceName='/opt/mule-standalone-3.9.0/apps/helloworld-1.0.0/helloworld.xml'}]"
2018-12-15 13:37:30,350 [Mule.app.deployer.monitor.1.thread.1] INFO  org.mule.module.launcher.application.DefaultMuleApplication - 
++++++++++++++++++++++++++++++++++++++++++++++++++++++++++++
+ Starting app 'helloworld-1.0.0'                          +
++++++++++++++++++++++++++++++++++++++++++++++++++++++++++++
2018-12-15 13:37:30,350 [Mule.app.deployer.monitor.1.thread.1] INFO  org.mule.util.queue.QueueXaResourceManager - Starting ResourceManager
2018-12-15 13:37:30,350 [Mule.app.deployer.monitor.1.thread.1] INFO  org.mule.util.queue.QueueXaResourceManager - Started ResourceManager
2018-12-15 13:37:30,355 [Mule.app.deployer.monitor.1.thread.1] INFO  org.mule.module.http.internal.listener.DefaultHttpListenerConfig - Listening for requests on http://172.18.1.223:8081/api
2018-12-15 13:37:30,358 [Mule.app.deployer.monitor.1.thread.1] INFO  org.mule.lifecycle.AbstractLifecycleManager - Starting model: _muleSystemModel
2018-12-15 13:37:30,358 [Mule.app.deployer.monitor.1.thread.1] INFO  org.mule.construct.FlowConstructLifecycleManager - Starting flow: helloworldFlow
2018-12-15 13:37:30,358 [Mule.app.deployer.monitor.1.thread.1] INFO  org.mule.processor.SedaStageLifecycleManager - Starting service: helloworldFlow.stage1
2018-12-15 13:37:30,366 [Mule.app.deployer.monitor.1.thread.1] INFO  org.mule.DefaultMuleContext - 
**********************************************************************
* Application: helloworld-1.0.0                                      *
* OS encoding: /, Mule encoding: UTF-8                               *
*                                                                    *
* Agents Running:                                                    *
*   JMX Agent                                                        *
*   Wrapper Manager: Mule PID #8019, Wrapper PID #8017               *
**********************************************************************
2018-12-15 13:38:54,361 [[helloworld-1.0.0].HTTP_Listener_Configuration.worker.01] INFO  org.mule.module.http.internal.listener.HttpListenerRegistry - No listener found for request: (GET)/api/hellohworld
2018-12-15 13:38:54,361 [[helloworld-1.0.0].HTTP_Listener_Configuration.worker.01] INFO  org.mule.module.http.internal.listener.HttpListenerRegistry - Available listeners are: [(*)/api/hello/]
2018-12-15 13:39:02,776 [[helloworld-1.0.0].HTTP_Listener_Configuration.worker.01] INFO  org.mule.module.http.internal.listener.HttpListenerRegistry - No listener found for request: (GET)/api/helloworld
2018-12-15 13:39:02,776 [[helloworld-1.0.0].HTTP_Listener_Configuration.worker.01] INFO  org.mule.module.http.internal.listener.HttpListenerRegistry - Available listeners are: [(*)/api/hello/]
2018-12-15 13:39:06,592 [[helloworld-1.0.0].HTTP_Listener_Configuration.worker.01] INFO  org.mule.module.http.internal.listener.HttpListenerRegistry - No listener found for request: (GET)/
2018-12-15 13:39:06,592 [[helloworld-1.0.0].HTTP_Listener_Configuration.worker.01] INFO  org.mule.module.http.internal.listener.HttpListenerRegistry - Available listeners are: [(*)/api/hello/]
2018-12-15 13:39:11,247 [[helloworld-1.0.0].HTTP_Listener_Configuration.worker.01] INFO  org.mule.module.http.internal.listener.HttpListenerRegistry - No listener found for request: (GET)/helloworld
2018-12-15 13:39:11,247 [[helloworld-1.0.0].HTTP_Listener_Configuration.worker.01] INFO  org.mule.module.http.internal.listener.HttpListenerRegistry - Available listeners are: [(*)/api/hello/]
2018-12-15 13:39:18,263 [[helloworld-1.0.0].HTTP_Listener_Configuration.worker.01] INFO  org.mule.module.http.internal.listener.HttpListenerRegistry - No listener found for request: (GET)/hello
2018-12-15 13:39:18,263 [[helloworld-1.0.0].HTTP_Listener_Configuration.worker.01] INFO  org.mule.module.http.internal.listener.HttpListenerRegistry - Available listeners are: [(*)/api/hello/]
2018-12-15 13:39:24,331 [[helloworld-1.0.0].HTTP_Listener_Configuration.worker.01] INFO  org.mule.api.processor.LoggerMessageProcessor - Hello world programme executed successfully..
2018-12-15 13:50:02,633 [[helloworld-1.0.0].HTTP_Listener_Configuration.worker.01] INFO  org.mule.api.processor.LoggerMessageProcessor - Hello world programme executed successfully..
2018-12-15 13:53:26,535 [[helloworld-1.0.0].HTTP_Listener_Configuration.worker.01] INFO  org.mule.api.processor.LoggerMessageProcessor - Hello world programme executed successfully..
2018-12-15 13:54:37,815 [[helloworld-1.0.0].HTTP_Listener_Configuration.worker.01] INFO  org.mule.api.processor.LoggerMessageProcessor - Hello world programme executed successfully..
2018-12-15 13:56:30,777 [[helloworld-1.0.0].HTTP_Listener_Configuration.worker.01] INFO  org.mule.api.processor.LoggerMessageProcessor - Hello world programme executed successfully..
2018-12-15 14:03:30,025 [[helloworld-1.0.0].HTTP_Listener_Configuration.worker.01] INFO  org.mule.api.processor.LoggerMessageProcessor - Hello world programme executed successfully..
2018-12-15 14:05:04,625 [[helloworld-1.0.0].HTTP_Listener_Configuration.worker.01] INFO  org.mule.api.processor.LoggerMessageProcessor - Hello world programme executed successfully..
2018-12-15 14:11:07,699 [[helloworld-1.0.0].HTTP_Listener_Configuration.worker.01] INFO  org.mule.api.processor.LoggerMessageProcessor - Hello world programme executed successfully..
2018-12-15 14:11:07,906 [[helloworld-1.0.0].HTTP_Listener_Configuration.worker.01] INFO  org.mule.module.http.internal.listener.HttpListenerRegistry - No listener found for request: (GET)/favicon.ico
2018-12-15 14:11:07,906 [[helloworld-1.0.0].HTTP_Listener_Configuration.worker.01] INFO  org.mule.module.http.internal.listener.HttpListenerRegistry - Available listeners are: [(*)/api/hello/]
2018-12-15 14:22:44,174 [[helloworld-1.0.0].HTTP_Listener_Configuration.worker.01] INFO  org.mule.module.http.internal.listener.HttpListenerRegistry - No listener found for request: (GET)/hello
2018-12-15 14:22:44,175 [[helloworld-1.0.0].HTTP_Listener_Configuration.worker.01] INFO  org.mule.module.http.internal.listener.HttpListenerRegistry - Available listeners are: [(*)/api/hello/]
2018-12-15 14:22:54,957 [[helloworld-1.0.0].HTTP_Listener_Configuration.worker.01] INFO  org.mule.module.http.internal.listener.HttpListenerRegistry - No listener found for request: (GET)/helloworld
2018-12-15 14:22:54,957 [[helloworld-1.0.0].HTTP_Listener_Configuration.worker.01] INFO  org.mule.module.http.internal.listener.HttpListenerRegistry - Available listeners are: [(*)/api/hello/]
2018-12-15 14:28:20,635 [Mule.app.deployer.monitor.1.thread.1] INFO  org.mule.module.launcher.application.DefaultMuleApplication - 
++++++++++++++++++++++++++++++++++++++++++++++++++++++++++++
+ Stopping app 'helloworld-1.0.0'                          +
++++++++++++++++++++++++++++++++++++++++++++++++++++++++++++
2018-12-15 14:28:20,635 [Mule.app.deployer.monitor.1.thread.1] INFO  org.mule.construct.FlowConstructLifecycleManager - Stopping flow: helloworldFlow
2018-12-15 14:28:20,635 [Mule.app.deployer.monitor.1.thread.1] INFO  org.mule.processor.SedaStageLifecycleManager - Stopping service: helloworldFlow.stage1
2018-12-15 14:28:20,762 [Mule.app.deployer.monitor.1.thread.1] INFO  org.mule.lifecycle.AbstractLifecycleManager - Stopping model: _muleSystemModel
2018-12-15 14:28:20,766 [Mule.app.deployer.monitor.1.thread.1] INFO  org.mule.module.http.internal.listener.DefaultHttpListenerConfig - Stopped listener on http://172.18.1.223:8081/api
2018-12-15 14:28:20,767 [Mule.app.deployer.monitor.1.thread.1] INFO  org.mule.util.queue.QueueXaResourceManager - Stopping ResourceManager
2018-12-15 14:28:20,767 [Mule.app.deployer.monitor.1.thread.1] INFO  org.mule.util.queue.QueueXaResourceManager - Stopped ResourceManager
2018-12-15 14:28:20,769 [Mule.app.deployer.monitor.1.thread.1] INFO  org.mule.module.launcher.application.DefaultMuleApplication - 
++++++++++++++++++++++++++++++++++++++++++++++++++++++++++++
+ Disposing app 'helloworld-1.0.0'                         +
++++++++++++++++++++++++++++++++++++++++++++++++++++++++++++
2018-12-15 14:28:20,769 [Mule.app.deployer.monitor.1.thread.1] INFO  org.mule.lifecycle.AbstractLifecycleManager - Disposing RegistryBroker
2018-12-15 14:28:20,769 [Mule.app.deployer.monitor.1.thread.1] INFO  org.mule.construct.FlowConstructLifecycleManager - Disposing flow: helloworldFlow
2018-12-15 14:28:20,769 [Mule.app.deployer.monitor.1.thread.1] INFO  org.mule.processor.SedaStageLifecycleManager - Disposing service: helloworldFlow.stage1
2018-12-15 14:28:20,770 [Mule.app.deployer.monitor.1.thread.1] INFO  org.mule.lifecycle.AbstractLifecycleManager - Disposing model: _muleSystemModel
2018-12-15 14:28:20,786 [Mule.app.deployer.monitor.1.thread.1] INFO  org.mule.config.spring.MuleArtifactContext - Closing org.mule.config.spring.MuleArtifactContext@2aef0359: startup date [Sat Dec 15 13:37:29 EST 2018]; root of context hierarchy
2018-12-15 14:28:20,795 [Mule.app.deployer.monitor.1.thread.1] INFO  org.mule.DefaultMuleContext - 
**********************************************************************
* Application "helloworld-1.0.0" shut down normally on: 12/15/18     *
* 2:28 PM                                                            *
* Up for: 0 days, 0 hours, 50 mins, 50.445 sec                       *
**********************************************************************
