--> Wrapper Started as Daemon
Launching a JVM...
OpenJDK 64-Bit Server VM warning: ignoring option PermSize=256m; support was removed in 8.0
OpenJDK 64-Bit Server VM warning: ignoring option MaxPermSize=256m; support was removed in 8.0
OpenJDK 64-Bit Server VM warning: Using the ParNew young collector with the Serial old collector is deprecated and will likely be removed in a future release
Starting the Mule Container...
Wrapper (Version 3.2.3) http://wrapper.tanukisoftware.org
  Copyright 1999-2006 Tanuki Software, Inc.  All Rights Reserved.

INFO  2018-12-15 12:34:24,804 [WrapperListener_start_runner] org.mule.module.launcher.MuleContainer: 
**********************************************************************
* Mule Runtime and Integration Platform                              *
* Version: 3.9.0 Build: 5ed22e1e                                     *
* MuleSoft, Inc.                                                     *
* For more information go to http://www.mulesoft.org                 *
*                                                                    *
* Server started: 12/15/18 12:34 PM                                  *
* JDK: 1.8.0_191 (mixed mode)                                        *
* OS: Linux (3.10.0-957.1.3.el7.x86_64, amd64)                       *
* Host: ip-172-18-1-223.ec2.internal (172.18.1.223)                  *
* Mule system properties:                                            *
*  - mule.base = /opt/mule                                           *
*  - mule.home = /opt/mule                                           *
**********************************************************************
INFO  2018-12-15 12:34:24,807 [WrapperListener_start_runner] org.mule.module.launcher.coreextension.DefaultMuleCoreExtensionManager: Initializing core extensions
INFO  2018-12-15 12:34:24,807 [WrapperListener_start_runner] org.mule.module.launcher.coreextension.DefaultMuleCoreExtensionManager: Starting core extensions
INFO  2018-12-15 12:34:24,814 [WrapperListener_start_runner] org.mule.module.launcher.DefaultArchiveDeployer: ================== New Exploded Artifact: default
INFO  2018-12-15 12:34:24,822 [WrapperListener_start_runner] org.mule.module.launcher.MuleSharedDomainClassLoader: Using domain dir /opt/mule/domains/default for domain default
INFO  2018-12-15 12:34:24,930 [WrapperListener_start_runner] org.mule.module.launcher.MuleDeploymentService: 
**********************************************************************
* Started domain 'default'                                           *
**********************************************************************
INFO  2018-12-15 12:34:24,933 [WrapperListener_start_runner] org.mule.module.launcher.DefaultArchiveDeployer: ================== New Exploded Artifact: default
INFO  2018-12-15 12:34:24,940 [WrapperListener_start_runner] org.mule.module.launcher.application.DefaultMuleApplication: 
++++++++++++++++++++++++++++++++++++++++++++++++++++++++++++
+ New app 'default'                                        +
++++++++++++++++++++++++++++++++++++++++++++++++++++++++++++
INFO  2018-12-15 12:34:27,573 [WrapperListener_start_runner] org.mule.module.launcher.MuleDeploymentService: 
**********************************************************************
* Started app 'default'                                              *
**********************************************************************
INFO  2018-12-15 12:34:27,573 [WrapperListener_start_runner] org.mule.module.launcher.DefaultArchiveDeployer: ================== New Exploded Artifact: helloworld
INFO  2018-12-15 12:34:27,574 [WrapperListener_start_runner] org.mule.module.launcher.application.DefaultMuleApplication: 
++++++++++++++++++++++++++++++++++++++++++++++++++++++++++++
+ New app 'helloworld'                                     +
++++++++++++++++++++++++++++++++++++++++++++++++++++++++++++
INFO  2018-12-15 12:34:27,580 [WrapperListener_start_runner] org.mule.module.launcher.application.DefaultMuleApplication: App 'helloworld' never started, nothing to dispose of
ERROR 2018-12-15 12:34:27,580 [WrapperListener_start_runner] org.mule.module.launcher.DefaultArchiveDeployer: 
++++++++++++++++++++++++++++++++++++++++++++++++++++++++++++
+ Failed to deploy artifact 'helloworld', see below        +
++++++++++++++++++++++++++++++++++++++++++++++++++++++++++++
org.mule.module.launcher.DeploymentStartException: InstallException: Config for app 'helloworld' not found: /opt/mule/apps/helloworld/mule-config.xml
	at org.mule.module.launcher.application.DefaultMuleApplication.install(DefaultMuleApplication.java:115) ~[mule-module-launcher-3.9.0.jar:3.9.0]
	at org.mule.module.launcher.artifact.ArtifactWrapper$3.execute(ArtifactWrapper.java:76) ~[mule-module-launcher-3.9.0.jar:3.9.0]
	at org.mule.module.launcher.artifact.ArtifactWrapper.executeWithinArtifactClassLoader(ArtifactWrapper.java:137) ~[mule-module-launcher-3.9.0.jar:3.9.0]
	at org.mule.module.launcher.artifact.ArtifactWrapper.install(ArtifactWrapper.java:71) ~[mule-module-launcher-3.9.0.jar:3.9.0]
	at org.mule.module.launcher.DefaultArtifactDeployer.deploy(DefaultArtifactDeployer.java:71) ~[mule-module-launcher-3.9.0.jar:3.9.0]
	at org.mule.module.launcher.DefaultArchiveDeployer.deployArtifact(DefaultArchiveDeployer.java:536) ~[mule-module-launcher-3.9.0.jar:3.9.0]
	at org.mule.module.launcher.DefaultArchiveDeployer.deployArtifact(DefaultArchiveDeployer.java:333) ~[mule-module-launcher-3.9.0.jar:3.9.0]
	at org.mule.module.launcher.DefaultArchiveDeployer.deployExplodedApp(DefaultArchiveDeployer.java:325) ~[mule-module-launcher-3.9.0.jar:3.9.0]
	at org.mule.module.launcher.DefaultArchiveDeployer.deployExplodedArtifact(DefaultArchiveDeployer.java:100) ~[mule-module-launcher-3.9.0.jar:3.9.0]
	at org.mule.module.launcher.DeploymentDirectoryWatcher.deployExplodedApps(DeploymentDirectoryWatcher.java:298) ~[mule-module-launcher-3.9.0.jar:3.9.0]
	at org.mule.module.launcher.DeploymentDirectoryWatcher.start(DeploymentDirectoryWatcher.java:156) ~[mule-module-launcher-3.9.0.jar:3.9.0]
	at org.mule.module.launcher.MuleDeploymentService.start(MuleDeploymentService.java:139) ~[mule-module-launcher-3.9.0.jar:3.9.0]
	at org.mule.module.launcher.MuleContainer.start(MuleContainer.java:172) ~[mule-module-launcher-3.9.0.jar:3.9.0]
	at sun.reflect.NativeMethodAccessorImpl.invoke0(Native Method) ~[?:1.8.0_191]
	at sun.reflect.NativeMethodAccessorImpl.invoke(NativeMethodAccessorImpl.java:62) ~[?:1.8.0_191]
	at sun.reflect.DelegatingMethodAccessorImpl.invoke(DelegatingMethodAccessorImpl.java:43) ~[?:1.8.0_191]
	at java.lang.reflect.Method.invoke(Method.java:498) ~[?:1.8.0_191]
	at org.mule.module.reboot.MuleContainerWrapper.start(MuleContainerWrapper.java:52) ~[mule-module-reboot-3.9.0.jar:3.9.0]
	at org.tanukisoftware.wrapper.WrapperManager$12.run(WrapperManager.java:2788) ~[wrapper-3.2.3.jar:3.2.3]
Caused by: org.mule.module.launcher.InstallException: Config for app 'helloworld' not found: /opt/mule/apps/helloworld/mule-config.xml
	at org.mule.module.launcher.application.DefaultMuleApplication.install(DefaultMuleApplication.java:109) ~[mule-module-launcher-3.9.0.jar:3.9.0]
	... 18 more
INFO  2018-12-15 12:34:27,582 [WrapperListener_start_runner] org.mule.module.launcher.DeploymentDirectoryWatcher: 
++++++++++++++++++++++++++++++++++++++++++++++++++++++++++++
+ Mule is up and kicking (every 5000ms)                    +
++++++++++++++++++++++++++++++++++++++++++++++++++++++++++++
INFO  2018-12-15 12:34:27,590 [Mule.app.deployer.monitor.1.thread.1] org.mule.module.launcher.DefaultArchiveDeployer: ================== Request to Undeploy Artifact: helloworld
INFO  2018-12-15 12:34:27,590 [Mule.app.deployer.monitor.1.thread.1] org.mule.module.launcher.application.DefaultMuleApplication: App 'helloworld' never started, nothing to dispose of
INFO  2018-12-15 12:34:27,594 [WrapperListener_start_runner] org.mule.module.launcher.StartupSummaryDeploymentListener: 
**********************************************************************
*              - - + DOMAIN + - -               * - - + STATUS + - - *
**********************************************************************
* default                                       * DEPLOYED           *
**********************************************************************

*******************************************************************************************************
*            - - + APPLICATION + - -            *       - - + DOMAIN + - -       * - - + STATUS + - - *
*******************************************************************************************************
* helloworld                                    * default                        * FAILED             *
* default                                       * default                        * DEPLOYED           *
*******************************************************************************************************

INFO  2018-12-15 12:34:27,595 [Mule.app.deployer.monitor.1.thread.1] org.mule.module.launcher.DefaultArchiveDeployer: 
++++++++++++++++++++++++++++++++++++++++++++++++++++++++++++
+ Undeployed artifact 'helloworld'                         +
++++++++++++++++++++++++++++++++++++++++++++++++++++++++++++
INFO  2018-12-15 12:39:07,628 [Mule.app.deployer.monitor.1.thread.1] org.mule.module.launcher.ArtifactArchiveInstaller: Exploding a Mule artifact archive: file:/opt/mule/apps/helloworld-1.0.0-SNAPSHOT.zip
INFO  2018-12-15 12:39:07,631 [Mule.app.deployer.monitor.1.thread.1] org.mule.module.launcher.application.DefaultMuleApplication: 
++++++++++++++++++++++++++++++++++++++++++++++++++++++++++++
+ New app 'helloworld-1.0.0-SNAPSHOT'                      +
++++++++++++++++++++++++++++++++++++++++++++++++++++++++++++
INFO  2018-12-15 12:39:08,228 [Mule.app.deployer.monitor.1.thread.1] org.mule.module.launcher.MuleDeploymentService: 
**********************************************************************
* Started app 'helloworld-1.0.0-SNAPSHOT'                            *
**********************************************************************
TERM trapped.  Shutting down.
INFO  2018-12-15 12:49:56,029 [WrapperListener_stop_runner] org.mule.module.launcher.MuleContainer: Mule container shutting down due to normal shutdown request
INFO  2018-12-15 12:49:56,266 [WrapperListener_stop_runner] org.mule.module.launcher.domain.DefaultMuleDomain: 
++++++++++++++++++++++++++++++++++++++++++++++++++++++++++++
+ Disposing domain 'default'                               +
++++++++++++++++++++++++++++++++++++++++++++++++++++++++++++
<-- Wrapper Stopped
--> Wrapper Started as Daemon
Launching a JVM...
OpenJDK 64-Bit Server VM warning: ignoring option PermSize=256m; support was removed in 8.0
OpenJDK 64-Bit Server VM warning: ignoring option MaxPermSize=256m; support was removed in 8.0
OpenJDK 64-Bit Server VM warning: Using the ParNew young collector with the Serial old collector is deprecated and will likely be removed in a future release
Starting the Mule Container...
Wrapper (Version 3.2.3) http://wrapper.tanukisoftware.org
  Copyright 1999-2006 Tanuki Software, Inc.  All Rights Reserved.

INFO  2018-12-15 12:50:20,414 [WrapperListener_start_runner] org.mule.module.launcher.MuleContainer: 
**********************************************************************
* Mule Runtime and Integration Platform                              *
* Version: 3.9.0 Build: 5ed22e1e                                     *
* MuleSoft, Inc.                                                     *
* For more information go to http://www.mulesoft.org                 *
*                                                                    *
* Server started: 12/15/18 12:50 PM                                  *
* JDK: 1.8.0_191 (mixed mode)                                        *
* OS: Linux (3.10.0-957.1.3.el7.x86_64, amd64)                       *
* Host: ip-172-18-1-223.ec2.internal (172.18.1.223)                  *
* Mule system properties:                                            *
*  - mule.base = /opt/mule                                           *
*  - mule.home = /opt/mule                                           *
**********************************************************************
INFO  2018-12-15 12:50:20,417 [WrapperListener_start_runner] org.mule.module.launcher.coreextension.DefaultMuleCoreExtensionManager: Initializing core extensions
INFO  2018-12-15 12:50:20,417 [WrapperListener_start_runner] org.mule.module.launcher.coreextension.DefaultMuleCoreExtensionManager: Starting core extensions
INFO  2018-12-15 12:50:20,423 [WrapperListener_start_runner] org.mule.module.launcher.DefaultArchiveDeployer: ================== New Exploded Artifact: default
INFO  2018-12-15 12:50:20,430 [WrapperListener_start_runner] org.mule.module.launcher.MuleSharedDomainClassLoader: Using domain dir /opt/mule/domains/default for domain default
INFO  2018-12-15 12:50:20,568 [WrapperListener_start_runner] org.mule.module.launcher.MuleDeploymentService: 
**********************************************************************
* Started domain 'default'                                           *
**********************************************************************
INFO  2018-12-15 12:50:20,573 [WrapperListener_start_runner] org.mule.module.launcher.DefaultArchiveDeployer: ================== New Exploded Artifact: default
INFO  2018-12-15 12:50:20,580 [WrapperListener_start_runner] org.mule.module.launcher.application.DefaultMuleApplication: 
++++++++++++++++++++++++++++++++++++++++++++++++++++++++++++
+ New app 'default'                                        +
++++++++++++++++++++++++++++++++++++++++++++++++++++++++++++
INFO  2018-12-15 12:50:23,186 [WrapperListener_start_runner] org.mule.module.launcher.MuleDeploymentService: 
**********************************************************************
* Started app 'default'                                              *
**********************************************************************
INFO  2018-12-15 12:50:23,187 [WrapperListener_start_runner] org.mule.module.launcher.DefaultArchiveDeployer: ================== New Exploded Artifact: helloworld-1.0.0-SNAPSHOT
INFO  2018-12-15 12:50:23,189 [WrapperListener_start_runner] org.mule.module.launcher.application.DefaultMuleApplication: 
++++++++++++++++++++++++++++++++++++++++++++++++++++++++++++
+ New app 'helloworld-1.0.0-SNAPSHOT'                      +
++++++++++++++++++++++++++++++++++++++++++++++++++++++++++++
INFO  2018-12-15 12:50:23,884 [WrapperListener_start_runner] org.mule.module.launcher.MuleDeploymentService: 
**********************************************************************
* Started app 'helloworld-1.0.0-SNAPSHOT'                            *
**********************************************************************
INFO  2018-12-15 12:50:23,890 [WrapperListener_start_runner] org.mule.module.launcher.DeploymentDirectoryWatcher: 
++++++++++++++++++++++++++++++++++++++++++++++++++++++++++++
+ Mule is up and kicking (every 5000ms)                    +
++++++++++++++++++++++++++++++++++++++++++++++++++++++++++++
INFO  2018-12-15 12:50:23,900 [WrapperListener_start_runner] org.mule.module.launcher.StartupSummaryDeploymentListener: 
**********************************************************************
*              - - + DOMAIN + - -               * - - + STATUS + - - *
**********************************************************************
* default                                       * DEPLOYED           *
**********************************************************************

*******************************************************************************************************
*            - - + APPLICATION + - -            *       - - + DOMAIN + - -       * - - + STATUS + - - *
*******************************************************************************************************
* default                                       * default                        * DEPLOYED           *
* helloworld-1.0.0-SNAPSHOT                     * default                        * DEPLOYED           *
*******************************************************************************************************

INFO  2018-12-15 12:56:23,945 [Mule.app.deployer.monitor.1.thread.1] org.mule.module.launcher.DefaultArchiveDeployer: 
++++++++++++++++++++++++++++++++++++++++++++++++++++++++++++
+ Redeploying artifact 'helloworld-1.0.0-SNAPSHOT'         +
++++++++++++++++++++++++++++++++++++++++++++++++++++++++++++
INFO  2018-12-15 12:56:24,184 [Mule.app.deployer.monitor.1.thread.1] org.mule.module.launcher.application.DefaultMuleApplication: 
++++++++++++++++++++++++++++++++++++++++++++++++++++++++++++
+ New app 'helloworld-1.0.0-SNAPSHOT'                      +
++++++++++++++++++++++++++++++++++++++++++++++++++++++++++++
INFO  2018-12-15 12:56:24,505 [Mule.app.deployer.monitor.1.thread.1] org.mule.module.launcher.MuleDeploymentService: 
**********************************************************************
* Started app 'helloworld-1.0.0-SNAPSHOT'                            *
**********************************************************************
TERM trapped.  Shutting down.
INFO  2018-12-15 12:57:20,021 [WrapperListener_stop_runner] org.mule.module.launcher.MuleContainer: Mule container shutting down due to normal shutdown request
INFO  2018-12-15 12:57:20,258 [WrapperListener_stop_runner] org.mule.module.launcher.domain.DefaultMuleDomain: 
++++++++++++++++++++++++++++++++++++++++++++++++++++++++++++
+ Disposing domain 'default'                               +
++++++++++++++++++++++++++++++++++++++++++++++++++++++++++++
<-- Wrapper Stopped
--> Wrapper Started as Daemon
Launching a JVM...
OpenJDK 64-Bit Server VM warning: ignoring option PermSize=256m; support was removed in 8.0
OpenJDK 64-Bit Server VM warning: ignoring option MaxPermSize=256m; support was removed in 8.0
OpenJDK 64-Bit Server VM warning: Using the ParNew young collector with the Serial old collector is deprecated and will likely be removed in a future release
Starting the Mule Container...
Wrapper (Version 3.2.3) http://wrapper.tanukisoftware.org
  Copyright 1999-2006 Tanuki Software, Inc.  All Rights Reserved.

INFO  2018-12-15 13:04:09,538 [WrapperListener_start_runner] org.mule.module.launcher.MuleContainer: 
**********************************************************************
* Mule Runtime and Integration Platform                              *
* Version: 3.9.0 Build: 5ed22e1e                                     *
* MuleSoft, Inc.                                                     *
* For more information go to http://www.mulesoft.org                 *
*                                                                    *
* Server started: 12/15/18 1:04 PM                                   *
* JDK: 1.8.0_191 (mixed mode)                                        *
* OS: Linux (3.10.0-957.1.3.el7.x86_64, amd64)                       *
* Host: ip-172-18-1-223.ec2.internal (172.18.1.223)                  *
* Mule system properties:                                            *
*  - mule.base = /opt/mule                                           *
*  - mule.home = /opt/mule                                           *
**********************************************************************
INFO  2018-12-15 13:04:09,541 [WrapperListener_start_runner] org.mule.module.launcher.coreextension.DefaultMuleCoreExtensionManager: Initializing core extensions
INFO  2018-12-15 13:04:09,541 [WrapperListener_start_runner] org.mule.module.launcher.coreextension.DefaultMuleCoreExtensionManager: Starting core extensions
INFO  2018-12-15 13:04:09,548 [WrapperListener_start_runner] org.mule.module.launcher.DefaultArchiveDeployer: ================== New Exploded Artifact: default
INFO  2018-12-15 13:04:09,556 [WrapperListener_start_runner] org.mule.module.launcher.MuleSharedDomainClassLoader: Using domain dir /opt/mule/domains/default for domain default
INFO  2018-12-15 13:04:09,659 [WrapperListener_start_runner] org.mule.module.launcher.MuleDeploymentService: 
**********************************************************************
* Started domain 'default'                                           *
**********************************************************************
INFO  2018-12-15 13:04:09,664 [WrapperListener_start_runner] org.mule.module.launcher.DefaultArchiveDeployer: ================== New Exploded Artifact: default
INFO  2018-12-15 13:04:09,671 [WrapperListener_start_runner] org.mule.module.launcher.application.DefaultMuleApplication: 
++++++++++++++++++++++++++++++++++++++++++++++++++++++++++++
+ New app 'default'                                        +
++++++++++++++++++++++++++++++++++++++++++++++++++++++++++++
INFO  2018-12-15 13:04:12,199 [WrapperListener_start_runner] org.mule.module.launcher.MuleDeploymentService: 
**********************************************************************
* Started app 'default'                                              *
**********************************************************************
INFO  2018-12-15 13:04:12,200 [WrapperListener_start_runner] org.mule.module.launcher.DefaultArchiveDeployer: ================== New Exploded Artifact: helloworld-1.0.0-SNAPSHOT
INFO  2018-12-15 13:04:12,202 [WrapperListener_start_runner] org.mule.module.launcher.application.DefaultMuleApplication: 
++++++++++++++++++++++++++++++++++++++++++++++++++++++++++++
+ New app 'helloworld-1.0.0-SNAPSHOT'                      +
++++++++++++++++++++++++++++++++++++++++++++++++++++++++++++
INFO  2018-12-15 13:04:12,908 [WrapperListener_start_runner] org.mule.module.launcher.MuleDeploymentService: 
**********************************************************************
* Started app 'helloworld-1.0.0-SNAPSHOT'                            *
**********************************************************************
INFO  2018-12-15 13:04:12,911 [WrapperListener_start_runner] org.mule.module.launcher.DeploymentDirectoryWatcher: 
++++++++++++++++++++++++++++++++++++++++++++++++++++++++++++
+ Mule is up and kicking (every 5000ms)                    +
++++++++++++++++++++++++++++++++++++++++++++++++++++++++++++
INFO  2018-12-15 13:04:12,920 [WrapperListener_start_runner] org.mule.module.launcher.StartupSummaryDeploymentListener: 
**********************************************************************
*              - - + DOMAIN + - -               * - - + STATUS + - - *
**********************************************************************
* default                                       * DEPLOYED           *
**********************************************************************

*******************************************************************************************************
*            - - + APPLICATION + - -            *       - - + DOMAIN + - -       * - - + STATUS + - - *
*******************************************************************************************************
* default                                       * default                        * DEPLOYED           *
* helloworld-1.0.0-SNAPSHOT                     * default                        * DEPLOYED           *
*******************************************************************************************************

TERM trapped.  Shutting down.
INFO  2018-12-15 13:08:13,463 [WrapperListener_stop_runner] org.mule.module.launcher.MuleContainer: Mule container shutting down due to normal shutdown request
INFO  2018-12-15 13:08:13,707 [WrapperListener_stop_runner] org.mule.module.launcher.domain.DefaultMuleDomain: 
++++++++++++++++++++++++++++++++++++++++++++++++++++++++++++
+ Disposing domain 'default'                               +
++++++++++++++++++++++++++++++++++++++++++++++++++++++++++++
<-- Wrapper Stopped
--> Wrapper Started as Daemon
Launching a JVM...
OpenJDK 64-Bit Server VM warning: ignoring option PermSize=256m; support was removed in 8.0
OpenJDK 64-Bit Server VM warning: ignoring option MaxPermSize=256m; support was removed in 8.0
OpenJDK 64-Bit Server VM warning: Using the ParNew young collector with the Serial old collector is deprecated and will likely be removed in a future release
Starting the Mule Container...
Wrapper (Version 3.2.3) http://wrapper.tanukisoftware.org
  Copyright 1999-2006 Tanuki Software, Inc.  All Rights Reserved.

INFO  2018-12-15 13:13:00,276 [WrapperListener_start_runner] org.mule.module.launcher.MuleContainer: 
**********************************************************************
* Mule Runtime and Integration Platform                              *
* Version: 3.9.0 Build: 5ed22e1e                                     *
* MuleSoft, Inc.                                                     *
* For more information go to http://www.mulesoft.org                 *
*                                                                    *
* Server started: 12/15/18 1:13 PM                                   *
* JDK: 1.8.0_191 (mixed mode)                                        *
* OS: Linux (3.10.0-957.1.3.el7.x86_64, amd64)                       *
* Host: ip-172-18-1-223.ec2.internal (172.18.1.223)                  *
* Mule system properties:                                            *
*  - mule.base = /opt/mule-standalone-3.9.0                          *
*  - mule.home = /opt/mule-standalone-3.9.0                          *
**********************************************************************
INFO  2018-12-15 13:13:00,280 [WrapperListener_start_runner] org.mule.module.launcher.coreextension.DefaultMuleCoreExtensionManager: Initializing core extensions
INFO  2018-12-15 13:13:00,280 [WrapperListener_start_runner] org.mule.module.launcher.coreextension.DefaultMuleCoreExtensionManager: Starting core extensions
INFO  2018-12-15 13:13:00,287 [WrapperListener_start_runner] org.mule.module.launcher.DefaultArchiveDeployer: ================== New Exploded Artifact: default
INFO  2018-12-15 13:13:00,294 [WrapperListener_start_runner] org.mule.module.launcher.MuleSharedDomainClassLoader: Using domain dir /opt/mule-standalone-3.9.0/domains/default for domain default
INFO  2018-12-15 13:13:00,397 [WrapperListener_start_runner] org.mule.module.launcher.MuleDeploymentService: 
**********************************************************************
* Started domain 'default'                                           *
**********************************************************************
INFO  2018-12-15 13:13:00,400 [WrapperListener_start_runner] org.mule.module.launcher.DefaultArchiveDeployer: ================== New Exploded Artifact: default
INFO  2018-12-15 13:13:00,409 [WrapperListener_start_runner] org.mule.module.launcher.application.DefaultMuleApplication: 
++++++++++++++++++++++++++++++++++++++++++++++++++++++++++++
+ New app 'default'                                        +
++++++++++++++++++++++++++++++++++++++++++++++++++++++++++++
INFO  2018-12-15 13:13:03,173 [WrapperListener_start_runner] org.mule.module.launcher.MuleDeploymentService: 
**********************************************************************
* Started app 'default'                                              *
**********************************************************************
INFO  2018-12-15 13:13:03,173 [WrapperListener_start_runner] org.mule.module.launcher.DefaultArchiveDeployer: ================== New Exploded Artifact: helloworld-1.0.0-SNAPSHOT
INFO  2018-12-15 13:13:03,175 [WrapperListener_start_runner] org.mule.module.launcher.application.DefaultMuleApplication: 
++++++++++++++++++++++++++++++++++++++++++++++++++++++++++++
+ New app 'helloworld-1.0.0-SNAPSHOT'                      +
++++++++++++++++++++++++++++++++++++++++++++++++++++++++++++
INFO  2018-12-15 13:13:03,798 [WrapperListener_start_runner] org.mule.module.launcher.MuleDeploymentService: 
**********************************************************************
* Started app 'helloworld-1.0.0-SNAPSHOT'                            *
**********************************************************************
INFO  2018-12-15 13:13:03,809 [WrapperListener_start_runner] org.mule.module.launcher.DeploymentDirectoryWatcher: 
++++++++++++++++++++++++++++++++++++++++++++++++++++++++++++
+ Mule is up and kicking (every 5000ms)                    +
++++++++++++++++++++++++++++++++++++++++++++++++++++++++++++
INFO  2018-12-15 13:13:03,818 [WrapperListener_start_runner] org.mule.module.launcher.StartupSummaryDeploymentListener: 
**********************************************************************
*              - - + DOMAIN + - -               * - - + STATUS + - - *
**********************************************************************
* default                                       * DEPLOYED           *
**********************************************************************

*******************************************************************************************************
*            - - + APPLICATION + - -            *       - - + DOMAIN + - -       * - - + STATUS + - - *
*******************************************************************************************************
* default                                       * default                        * DEPLOYED           *
* helloworld-1.0.0-SNAPSHOT                     * default                        * DEPLOYED           *
*******************************************************************************************************

INFO  2018-12-15 13:14:43,827 [Mule.app.deployer.monitor.1.thread.1] org.mule.module.launcher.DefaultArchiveDeployer: ================== Request to Undeploy Artifact: helloworld-1.0.0-SNAPSHOT
INFO  2018-12-15 13:14:44,114 [Mule.app.deployer.monitor.1.thread.1] org.mule.module.launcher.DefaultArchiveDeployer: 
++++++++++++++++++++++++++++++++++++++++++++++++++++++++++++
+ Undeployed artifact 'helloworld-1.0.0-SNAPSHOT'          +
++++++++++++++++++++++++++++++++++++++++++++++++++++++++++++
INFO  2018-12-15 13:19:29,144 [Mule.app.deployer.monitor.1.thread.1] org.mule.module.launcher.ArtifactArchiveInstaller: Exploding a Mule artifact archive: file:/opt/mule-standalone-3.9.0/apps/helloworld-1.0.0.zip
INFO  2018-12-15 13:19:29,147 [Mule.app.deployer.monitor.1.thread.1] org.mule.module.launcher.application.DefaultMuleApplication: 
++++++++++++++++++++++++++++++++++++++++++++++++++++++++++++
+ New app 'helloworld-1.0.0'                               +
++++++++++++++++++++++++++++++++++++++++++++++++++++++++++++
INFO  2018-12-15 13:19:29,513 [Mule.app.deployer.monitor.1.thread.1] org.mule.module.launcher.MuleDeploymentService: 
**********************************************************************
* Started app 'helloworld-1.0.0'                                     *
**********************************************************************
TERM trapped.  Shutting down.
INFO  2018-12-15 13:31:34,534 [WrapperListener_stop_runner] org.mule.module.launcher.MuleContainer: Mule container shutting down due to normal shutdown request
INFO  2018-12-15 13:31:34,611 [WrapperListener_stop_runner] org.mule.module.launcher.domain.DefaultMuleDomain: 
++++++++++++++++++++++++++++++++++++++++++++++++++++++++++++
+ Disposing domain 'default'                               +
++++++++++++++++++++++++++++++++++++++++++++++++++++++++++++
<-- Wrapper Stopped
--> Wrapper Started as Daemon
Launching a JVM...
OpenJDK 64-Bit Server VM warning: ignoring option PermSize=256m; support was removed in 8.0
OpenJDK 64-Bit Server VM warning: ignoring option MaxPermSize=256m; support was removed in 8.0
OpenJDK 64-Bit Server VM warning: Using the ParNew young collector with the Serial old collector is deprecated and will likely be removed in a future release
Starting the Mule Container...
Wrapper (Version 3.2.3) http://wrapper.tanukisoftware.org
  Copyright 1999-2006 Tanuki Software, Inc.  All Rights Reserved.

INFO  2018-12-15 13:32:31,502 [WrapperListener_start_runner] org.mule.module.launcher.MuleContainer: 
**********************************************************************
* Mule Runtime and Integration Platform                              *
* Version: 3.9.0 Build: 5ed22e1e                                     *
* MuleSoft, Inc.                                                     *
* For more information go to http://www.mulesoft.org                 *
*                                                                    *
* Server started: 12/15/18 1:32 PM                                   *
* JDK: 1.8.0_191 (mixed mode)                                        *
* OS: Linux (3.10.0-957.1.3.el7.x86_64, amd64)                       *
* Host: ip-172-18-1-223.ec2.internal (172.18.1.223)                  *
* Mule system properties:                                            *
*  - mule.base = /opt/mule-standalone-3.9.0                          *
*  - mule.home = /opt/mule-standalone-3.9.0                          *
**********************************************************************
INFO  2018-12-15 13:32:31,506 [WrapperListener_start_runner] org.mule.module.launcher.coreextension.DefaultMuleCoreExtensionManager: Initializing core extensions
INFO  2018-12-15 13:32:31,506 [WrapperListener_start_runner] org.mule.module.launcher.coreextension.DefaultMuleCoreExtensionManager: Starting core extensions
INFO  2018-12-15 13:32:31,511 [WrapperListener_start_runner] org.mule.module.launcher.DefaultArchiveDeployer: ================== New Exploded Artifact: default
INFO  2018-12-15 13:32:31,519 [WrapperListener_start_runner] org.mule.module.launcher.MuleSharedDomainClassLoader: Using domain dir /opt/mule-standalone-3.9.0/domains/default for domain default
INFO  2018-12-15 13:32:31,624 [WrapperListener_start_runner] org.mule.module.launcher.MuleDeploymentService: 
**********************************************************************
* Started domain 'default'                                           *
**********************************************************************
INFO  2018-12-15 13:32:31,628 [WrapperListener_start_runner] org.mule.module.launcher.DefaultArchiveDeployer: ================== New Exploded Artifact: default
INFO  2018-12-15 13:32:31,635 [WrapperListener_start_runner] org.mule.module.launcher.application.DefaultMuleApplication: 
++++++++++++++++++++++++++++++++++++++++++++++++++++++++++++
+ New app 'default'                                        +
++++++++++++++++++++++++++++++++++++++++++++++++++++++++++++
INFO  2018-12-15 13:32:34,102 [WrapperListener_start_runner] org.mule.module.launcher.MuleDeploymentService: 
**********************************************************************
* Started app 'default'                                              *
**********************************************************************
INFO  2018-12-15 13:32:34,103 [WrapperListener_start_runner] org.mule.module.launcher.DefaultArchiveDeployer: ================== New Exploded Artifact: helloworld-1.0.0
INFO  2018-12-15 13:32:34,106 [WrapperListener_start_runner] org.mule.module.launcher.application.DefaultMuleApplication: 
++++++++++++++++++++++++++++++++++++++++++++++++++++++++++++
+ New app 'helloworld-1.0.0'                               +
++++++++++++++++++++++++++++++++++++++++++++++++++++++++++++
INFO  2018-12-15 13:32:34,754 [WrapperListener_start_runner] org.mule.module.launcher.MuleDeploymentService: 
**********************************************************************
* Started app 'helloworld-1.0.0'                                     *
**********************************************************************
INFO  2018-12-15 13:32:34,762 [WrapperListener_start_runner] org.mule.module.launcher.DeploymentDirectoryWatcher: 
++++++++++++++++++++++++++++++++++++++++++++++++++++++++++++
+ Mule is up and kicking (every 5000ms)                    +
++++++++++++++++++++++++++++++++++++++++++++++++++++++++++++
INFO  2018-12-15 13:32:34,772 [WrapperListener_start_runner] org.mule.module.launcher.StartupSummaryDeploymentListener: 
**********************************************************************
*              - - + DOMAIN + - -               * - - + STATUS + - - *
**********************************************************************
* default                                       * DEPLOYED           *
**********************************************************************

*******************************************************************************************************
*            - - + APPLICATION + - -            *       - - + DOMAIN + - -       * - - + STATUS + - - *
*******************************************************************************************************
* default                                       * default                        * DEPLOYED           *
* helloworld-1.0.0                              * default                        * DEPLOYED           *
*******************************************************************************************************

INFO  2018-12-15 13:35:24,790 [Mule.app.deployer.monitor.1.thread.1] org.mule.module.launcher.DefaultArchiveDeployer: ================== Request to Undeploy Artifact: helloworld-1.0.0
INFO  2018-12-15 13:35:24,930 [Mule.app.deployer.monitor.1.thread.1] org.mule.module.launcher.DefaultArchiveDeployer: 
++++++++++++++++++++++++++++++++++++++++++++++++++++++++++++
+ Undeployed artifact 'helloworld-1.0.0'                   +
++++++++++++++++++++++++++++++++++++++++++++++++++++++++++++
INFO  2018-12-15 13:37:29,943 [Mule.app.deployer.monitor.1.thread.1] org.mule.module.launcher.ArtifactArchiveInstaller: Exploding a Mule artifact archive: file:/opt/mule-standalone-3.9.0/apps/helloworld-1.0.0.zip
INFO  2018-12-15 13:37:29,946 [Mule.app.deployer.monitor.1.thread.1] org.mule.module.launcher.application.DefaultMuleApplication: 
++++++++++++++++++++++++++++++++++++++++++++++++++++++++++++
+ New app 'helloworld-1.0.0'                               +
++++++++++++++++++++++++++++++++++++++++++++++++++++++++++++
INFO  2018-12-15 13:37:30,366 [Mule.app.deployer.monitor.1.thread.1] org.mule.module.launcher.MuleDeploymentService: 
**********************************************************************
* Started app 'helloworld-1.0.0'                                     *
**********************************************************************
INFO  2018-12-15 14:28:20,634 [Mule.app.deployer.monitor.1.thread.1] org.mule.module.launcher.DefaultArchiveDeployer: ================== Request to Undeploy Artifact: helloworld-1.0.0
INFO  2018-12-15 14:28:20,799 [Mule.app.deployer.monitor.1.thread.1] org.mule.module.launcher.DefaultArchiveDeployer: 
++++++++++++++++++++++++++++++++++++++++++++++++++++++++++++
+ Undeployed artifact 'helloworld-1.0.0'                   +
++++++++++++++++++++++++++++++++++++++++++++++++++++++++++++
TERM trapped.  Shutting down.
INFO  2018-12-15 14:28:57,871 [WrapperListener_stop_runner] org.mule.module.launcher.MuleContainer: Mule container shutting down due to normal shutdown request
INFO  2018-12-15 14:28:57,920 [WrapperListener_stop_runner] org.mule.module.launcher.domain.DefaultMuleDomain: 
++++++++++++++++++++++++++++++++++++++++++++++++++++++++++++
+ Disposing domain 'default'                               +
++++++++++++++++++++++++++++++++++++++++++++++++++++++++++++
<-- Wrapper Stopped
